[2023-01-10T10:37:33.450] [INFO] default - /uploadfile
[2023-01-10T10:37:33.459] [INFO] default - *
[2023-01-10T10:37:33.493] [INFO] default - Servidor escuchando en http://localhost:8080
[2023-01-10T10:37:35.658] [INFO] default - 🆗 Conectados a MongoDB
[2023-01-10T10:37:47.245] [INFO] default - [GET] /api/usuario/signup
[2023-01-10T10:37:47.587] [INFO] default - [GET] /styles.css
[2023-01-10T10:37:47.601] [INFO] default - [GET] /scripts.js
[2023-01-10T10:37:47.754] [INFO] default - [GET] /api/usuario/bootstrap.bundle.min.js
[2023-01-10T10:38:05.998] [INFO] default - [POST] /api/usuario/signup
[2023-01-10T10:38:09.569] [INFO] default - Email enviado a pancho@cilbeti.com.uy
[2023-01-10T10:38:09.571] [INFO] default - Whatsapp enviado a:  undefined
[2023-01-10T10:38:12.843] [INFO] default - Mensaje ID:  SM42e9d48aaa6ea98091d70905448f2d90
[2023-01-10T10:38:12.848] [INFO] default - Whatsapp enviado a:  whatsapp:+598098236554
[2023-01-10T10:38:13.559] [INFO] default - Mensaje ID:  SMd909c7943ecc4891d4d013fae87efeca
[2023-01-10T10:40:44.483] [INFO] default - /uploadfile
[2023-01-10T10:40:44.504] [INFO] default - *
[2023-01-10T10:40:44.545] [INFO] default - Servidor escuchando en http://localhost:8080
[2023-01-10T10:40:46.355] [INFO] default - 🆗 Conectados a MongoDB
[2023-01-10T10:41:22.874] [INFO] default - [GET] /api/usuario/signup
[2023-01-10T10:41:24.005] [INFO] default - [GET] /styles.css
[2023-01-10T10:41:24.020] [INFO] default - [GET] /scripts.js
[2023-01-10T10:41:24.374] [INFO] default - [GET] /api/usuario/bootstrap.bundle.min.js
[2023-01-10T10:41:34.257] [INFO] default - [POST] /api/usuario/signup
[2023-01-10T10:41:38.443] [INFO] default - Email enviado a pancho@cilbeti.com.uy
[2023-01-10T10:41:38.444] [INFO] default - Whatsapp enviado a:  whatsapp:+59898236554
[2023-01-10T10:41:41.681] [INFO] default - Mensaje ID:  SMc18be845debd75b68d4cfea54fae55f6
[2023-01-10T10:41:41.682] [INFO] default - Whatsapp enviado a:  whatsapp:+598098236554
[2023-01-10T10:41:42.380] [INFO] default - Mensaje ID:  SM5bcd395d43dee0d7daeed1891641e295
[2023-01-10T10:44:14.053] [INFO] default - /uploadfile
[2023-01-10T10:44:14.083] [INFO] default - *
[2023-01-10T10:44:14.105] [INFO] default - Servidor escuchando en http://localhost:8080
[2023-01-10T10:44:15.426] [INFO] default - 🆗 Conectados a MongoDB
[2023-01-10T10:44:30.719] [INFO] default - [GET] /api/usuario/signup
[2023-01-10T10:44:31.318] [INFO] default - [GET] /styles.css
[2023-01-10T10:44:31.332] [INFO] default - [GET] /scripts.js
[2023-01-10T10:44:31.339] [INFO] default - [GET] /api/usuario/bootstrap.bundle.min.js
[2023-01-10T10:44:38.992] [INFO] default - [POST] /api/usuario/signup

[2023-01-10T10:47:24.341] [INFO] default - /uploadfile
[2023-01-10T10:47:24.444] [INFO] default - *
[2023-01-10T10:47:24.631] [INFO] default - Servidor escuchando en http://localhost:8080
[2023-01-10T10:47:26.743] [INFO] default - 🆗 Conectados a MongoDB
[2023-01-10T10:47:46.833] [INFO] default - [GET] /api/usuario/signup
[2023-01-10T10:47:48.383] [INFO] default - [GET] /styles.css
[2023-01-10T10:47:48.398] [INFO] default - [GET] /scripts.js
[2023-01-10T10:47:48.882] [INFO] default - [GET] /api/usuario/bootstrap.bundle.min.js
[2023-01-10T10:47:56.109] [INFO] default - [POST] /api/usuario/signup
[2023-01-10T10:47:57.547] [ERROR] default - MongoServerError: E11000 duplicate key error collection: test.usuarios index: username_1 dup key: { username: "inaki" }
    at C:\Users\Pancho\Downloads\Full Stack Dev\BackendCoder\BackEndCoder\entrega-18\node_modules\mongoose\node_modules\mongodb\lib\operations\insert.js:53:33
    at C:\Users\Pancho\Downloads\Full Stack Dev\BackendCoder\BackEndCoder\entrega-18\node_modules\mongoose\node_modules\mongodb\lib\cmap\connection_pool.js:273:25
    at handleOperationResult (C:\Users\Pancho\Downloads\Full Stack Dev\BackendCoder\BackEndCoder\entrega-18\node_modules\mongoose\node_modules\mongodb\lib\sdam\server.js:327:20)
    at Connection.onMessage (C:\Users\Pancho\Downloads\Full Stack Dev\BackendCoder\BackEndCoder\entrega-18\node_modules\mongoose\node_modules\mongodb\lib\cmap\connection.js:215:9)
    at MessageStream.<anonymous> (C:\Users\Pancho\Downloads\Full Stack Dev\BackendCoder\BackEndCoder\entrega-18\node_modules\mongoose\node_modules\mongodb\lib\cmap\connection.js:63:60)
    at MessageStream.emit (node:events:527:28)
    at processIncomingData (C:\Users\Pancho\Downloads\Full Stack Dev\BackendCoder\BackEndCoder\entrega-18\node_modules\mongoose\node_modules\mongodb\lib\cmap\message_stream.js:108:16)
    at MessageStream._write (C:\Users\Pancho\Downloads\Full Stack Dev\BackendCoder\BackEndCoder\entrega-18\node_modules\mongoose\node_modules\mongodb\lib\cmap\message_stream.js:28:9)
    at writeOrBuffer (node:internal/streams/writable:390:12)
    at _write (node:internal/streams/writable:331:10) {
  index: 0,
  code: 11000,
  keyPattern: { username: 1 },
  keyValue: { username: 'inaki' },
  [Symbol(errorLabels)]: Set(0) {}
}
[2023-01-10T10:52:07.281] [INFO] default - /uploadfile
[2023-01-10T10:52:07.292] [INFO] default - *
[2023-01-10T10:52:07.312] [INFO] default - Servidor escuchando en http://localhost:8080
[2023-01-10T10:52:09.261] [INFO] default - 🆗 Conectados a MongoDB
[2023-01-10T10:52:31.085] [INFO] default - [GET] /api/usuario/signup
[2023-01-10T10:52:31.601] [INFO] default - [GET] /styles.css
[2023-01-10T10:52:31.680] [INFO] default - [GET] /scripts.js
[2023-01-10T10:52:31.820] [INFO] default - [GET] /api/usuario/bootstrap.bundle.min.js
[2023-01-10T10:52:41.451] [INFO] default - [POST] /api/usuario/signup
[2023-01-10T10:52:44.348] [INFO] default - Email enviado a pancho@cilbeti.com.uy
[2023-01-10T10:52:44.353] [INFO] default - Whatsapp enviado a:  Usuario de prueba   whatsapp:+59898236554
[2023-01-10T10:52:48.432] [INFO] default - Mensaje ID:  SM717ce4ef85b3ec84dbe653a76c5330cd
[2023-01-10T10:52:48.433] [INFO] default - Whatsapp enviado a:  Usuario de prueba   whatsapp:+598098236554
[2023-01-10T10:52:49.188] [INFO] default - Mensaje ID:  SM715d40db38f34337f92bc4fbafd9e809
[2023-01-10T10:55:58.055] [INFO] default - [GET] /api/usuario/signup
[2023-01-10T10:56:02.829] [INFO] default - [POST] /api/usuario/signup
[2023-01-10T10:56:04.999] [INFO] default - Email enviado a pancho@cilbeti.com.uy
[2023-01-10T10:56:05.000] [INFO] default - Whatsapp enviado a:  Usuario de prueba   whatsapp:+59898236554
[2023-01-10T10:56:05.729] [INFO] default - Mensaje ID:  SM65aff2f7e644c3c8e59dad11a1bfe31a
[2023-01-10T10:56:05.729] [INFO] default - Whatsapp enviado a:  Usuario de prueba   whatsapp:+598098236554
[2023-01-10T10:56:06.485] [INFO] default - Mensaje ID:  SM0bae891c6fa8a932886957343563412b
[2023-01-10T10:56:16.223] [INFO] default - [GET] /api/usuario/signup
[2023-01-10T10:56:19.922] [INFO] default - [POST] /api/usuario/signup
[2023-01-10T10:56:22.610] [INFO] default - Email enviado a pancho@cilbeti.com.uy
[2023-01-10T10:56:22.610] [INFO] default - Whatsapp enviado a:  Usuario de prueba   whatsapp:+59898236554
[2023-01-10T10:56:23.316] [INFO] default - Mensaje ID:  SM8dc412baf0a3ef9f743a3edb4cce377a
[2023-01-10T10:56:23.321] [INFO] default - Whatsapp enviado a:  Usuario de prueba   whatsapp:+598098236554
[2023-01-10T10:56:24.012] [INFO] default - Mensaje ID:  SMb66dc9fa888303bccd47638ad1ac4437
[2023-01-10T10:56:28.531] [INFO] default - [GET] /api/usuario/signup
[2023-01-10T10:56:39.135] [INFO] default - [POST] /api/usuario/signup
[2023-01-10T10:56:41.600] [INFO] default - Email enviado a pancho@cilbeti.com.uy
[2023-01-10T10:56:41.601] [INFO] default - Whatsapp enviado a:  Usuario de prueba   whatsapp:+59898236554
[2023-01-10T10:56:42.294] [INFO] default - Mensaje ID:  SM1e64ce73bba8b86fe26b1c5403c9fb23
[2023-01-10T10:56:42.295] [INFO] default - Whatsapp enviado a:  Usuario de prueba   whatsapp:+598098236554
[2023-01-10T10:56:42.994] [INFO] default - Mensaje ID:  SMca6ea305fb027be398935abae5cfbd2f
[2023-01-10T10:57:42.371] [INFO] default - /uploadfile
[2023-01-10T10:57:42.390] [INFO] default - *
[2023-01-10T10:57:42.442] [INFO] default - Servidor escuchando en http://localhost:8080
[2023-01-10T10:57:43.923] [INFO] default - 🆗 Conectados a MongoDB
[2023-01-10T10:58:31.574] [INFO] default - [GET] /api/usuario/signup
[2023-01-10T10:58:32.386] [INFO] default - [GET] /styles.css
[2023-01-10T10:58:32.415] [INFO] default - [GET] /scripts.js
[2023-01-10T10:58:32.453] [INFO] default - [GET] /api/usuario/bootstrap.bundle.min.js
[2023-01-10T10:58:42.352] [INFO] default - [POST] /api/usuario/signup
[2023-01-10T10:58:45.870] [INFO] default - Email enviado a pancho@cilbeti.com.uy
[2023-01-10T10:58:45.872] [INFO] default - Whatsapp enviado a:  Usuario de prueba   whatsapp:+59898236554
[2023-01-10T10:58:48.773] [INFO] default - Mensaje ID:  SMd48a1a50055dc2509ead0b8a9ac8974a
[2023-01-10T10:58:48.773] [INFO] default - Whatsapp enviado a:  Usuario de prueba   whatsapp:+598098236554
[2023-01-10T10:58:49.503] [INFO] default - Mensaje ID:  SM1ddc6f8ccc954ff546eed5658c14322d
[2023-01-10T10:58:58.990] [INFO] default - [GET] /api/usuario/signup
[2023-01-10T10:58:59.877] [INFO] default - [GET] /styles.css
[2023-01-10T10:58:59.879] [INFO] default - [GET] /api/usuario/bootstrap.bundle.min.js
[2023-01-10T10:58:59.976] [INFO] default - [GET] /scripts.js
