[2023-01-23T08:42:14.342] [ERROR] default - Whatsapp Error:  RestException [Error]: The 'To' number whatsapp:undefined is not a valid phone number.
    at success (C:\Users\Pancho\Downloads\Full Stack Dev\ANTERIOR\REPO2\backend-coderhouse-master\Entrega-20\node_modules\twilio\lib\base\Version.js:135:15)
    at Promise_then_fulfilled (C:\Users\Pancho\Downloads\Full Stack Dev\ANTERIOR\REPO2\backend-coderhouse-master\Entrega-20\node_modules\q\q.js:766:44)
    at Promise_done_fulfilled (C:\Users\Pancho\Downloads\Full Stack Dev\ANTERIOR\REPO2\backend-coderhouse-master\Entrega-20\node_modules\q\q.js:835:31)
    at Fulfilled.Fulfilled_dispatch [as dispatch] (C:\Users\Pancho\Downloads\Full Stack Dev\ANTERIOR\REPO2\backend-coderhouse-master\Entrega-20\node_modules\q\q.js:1229:9)
    at Pending_become_eachMessage_task (C:\Users\Pancho\Downloads\Full Stack Dev\ANTERIOR\REPO2\backend-coderhouse-master\Entrega-20\node_modules\q\q.js:1369:30)
    at RawTask.call (C:\Users\Pancho\Downloads\Full Stack Dev\ANTERIOR\REPO2\backend-coderhouse-master\Entrega-20\node_modules\asap\asap.js:40:19)
    at flush (C:\Users\Pancho\Downloads\Full Stack Dev\ANTERIOR\REPO2\backend-coderhouse-master\Entrega-20\node_modules\asap\raw.js:50:29)
    at process.processTicksAndRejections (node:internal/process/task_queues:77:11) {
  status: 400,
  code: 21211,
  moreInfo: 'https://www.twilio.com/docs/errors/21211',
  details: undefined
}
[2023-01-23T10:13:07.063] [ERROR] default - MongoServerError: E11000 duplicate key error collection: test.usuarios index: username_1 dup key: { username: "pancho" }
    at C:\Users\Pancho\Downloads\Full Stack Dev\ANTERIOR\REPO2\backend-coderhouse-master\Entrega-20\node_modules\mongoose\node_modules\mongodb\lib\operations\insert.js:53:33
    at C:\Users\Pancho\Downloads\Full Stack Dev\ANTERIOR\REPO2\backend-coderhouse-master\Entrega-20\node_modules\mongoose\node_modules\mongodb\lib\cmap\connection_pool.js:273:25
    at handleOperationResult (C:\Users\Pancho\Downloads\Full Stack Dev\ANTERIOR\REPO2\backend-coderhouse-master\Entrega-20\node_modules\mongoose\node_modules\mongodb\lib\sdam\server.js:327:20)
    at Connection.onMessage (C:\Users\Pancho\Downloads\Full Stack Dev\ANTERIOR\REPO2\backend-coderhouse-master\Entrega-20\node_modules\mongoose\node_modules\mongodb\lib\cmap\connection.js:215:9)
    at MessageStream.<anonymous> (C:\Users\Pancho\Downloads\Full Stack Dev\ANTERIOR\REPO2\backend-coderhouse-master\Entrega-20\node_modules\mongoose\node_modules\mongodb\lib\cmap\connection.js:63:60)
    at MessageStream.emit (node:events:527:28)
    at processIncomingData (C:\Users\Pancho\Downloads\Full Stack Dev\ANTERIOR\REPO2\backend-coderhouse-master\Entrega-20\node_modules\mongoose\node_modules\mongodb\lib\cmap\message_stream.js:108:16)
    at MessageStream._write (C:\Users\Pancho\Downloads\Full Stack Dev\ANTERIOR\REPO2\backend-coderhouse-master\Entrega-20\node_modules\mongoose\node_modules\mongodb\lib\cmap\message_stream.js:28:9)
    at writeOrBuffer (node:internal/streams/writable:390:12)
    at _write (node:internal/streams/writable:331:10) {
  index: 0,
  code: 11000,
  keyPattern: { username: 1 },
  keyValue: { username: 'pancho' },
  [Symbol(errorLabels)]: Set(0) {}
}
[2023-01-23T10:13:32.687] [ERROR] default - Whatsapp Error:  RestException [Error]: The 'To' number whatsapp:undefined is not a valid phone number.
    at success (C:\Users\Pancho\Downloads\Full Stack Dev\ANTERIOR\REPO2\backend-coderhouse-master\Entrega-20\node_modules\twilio\lib\base\Version.js:135:15)
    at Promise_then_fulfilled (C:\Users\Pancho\Downloads\Full Stack Dev\ANTERIOR\REPO2\backend-coderhouse-master\Entrega-20\node_modules\q\q.js:766:44)
    at Promise_done_fulfilled (C:\Users\Pancho\Downloads\Full Stack Dev\ANTERIOR\REPO2\backend-coderhouse-master\Entrega-20\node_modules\q\q.js:835:31)
    at Fulfilled.Fulfilled_dispatch [as dispatch] (C:\Users\Pancho\Downloads\Full Stack Dev\ANTERIOR\REPO2\backend-coderhouse-master\Entrega-20\node_modules\q\q.js:1229:9)
    at Pending_become_eachMessage_task (C:\Users\Pancho\Downloads\Full Stack Dev\ANTERIOR\REPO2\backend-coderhouse-master\Entrega-20\node_modules\q\q.js:1369:30)
    at RawTask.call (C:\Users\Pancho\Downloads\Full Stack Dev\ANTERIOR\REPO2\backend-coderhouse-master\Entrega-20\node_modules\asap\asap.js:40:19)
    at flush (C:\Users\Pancho\Downloads\Full Stack Dev\ANTERIOR\REPO2\backend-coderhouse-master\Entrega-20\node_modules\asap\raw.js:50:29)
    at process.processTicksAndRejections (node:internal/process/task_queues:77:11) {
  status: 400,
  code: 21211,
  moreInfo: 'https://www.twilio.com/docs/errors/21211',
  details: undefined
}
[2023-01-23T10:15:40.025] [ERROR] default - MongoServerError: E11000 duplicate key error collection: test.usuarios index: username_1 dup key: { username: "pancho22558" }
    at C:\Users\Pancho\Downloads\Full Stack Dev\ANTERIOR\REPO2\backend-coderhouse-master\Entrega-20\node_modules\mongoose\node_modules\mongodb\lib\operations\insert.js:53:33
    at C:\Users\Pancho\Downloads\Full Stack Dev\ANTERIOR\REPO2\backend-coderhouse-master\Entrega-20\node_modules\mongoose\node_modules\mongodb\lib\cmap\connection_pool.js:273:25
    at handleOperationResult (C:\Users\Pancho\Downloads\Full Stack Dev\ANTERIOR\REPO2\backend-coderhouse-master\Entrega-20\node_modules\mongoose\node_modules\mongodb\lib\sdam\server.js:327:20)
    at Connection.onMessage (C:\Users\Pancho\Downloads\Full Stack Dev\ANTERIOR\REPO2\backend-coderhouse-master\Entrega-20\node_modules\mongoose\node_modules\mongodb\lib\cmap\connection.js:215:9)
    at MessageStream.<anonymous> (C:\Users\Pancho\Downloads\Full Stack Dev\ANTERIOR\REPO2\backend-coderhouse-master\Entrega-20\node_modules\mongoose\node_modules\mongodb\lib\cmap\connection.js:63:60)
    at MessageStream.emit (node:events:527:28)
    at processIncomingData (C:\Users\Pancho\Downloads\Full Stack Dev\ANTERIOR\REPO2\backend-coderhouse-master\Entrega-20\node_modules\mongoose\node_modules\mongodb\lib\cmap\message_stream.js:108:16)
    at MessageStream._write (C:\Users\Pancho\Downloads\Full Stack Dev\ANTERIOR\REPO2\backend-coderhouse-master\Entrega-20\node_modules\mongoose\node_modules\mongodb\lib\cmap\message_stream.js:28:9)
    at writeOrBuffer (node:internal/streams/writable:390:12)
    at _write (node:internal/streams/writable:331:10) {
  index: 0,
  code: 11000,
  keyPattern: { username: 1 },
  keyValue: { username: 'pancho22558' },
  [Symbol(errorLabels)]: Set(0) {}
}
[2023-01-23T10:15:43.893] [ERROR] default - Whatsapp Error:  RestException [Error]: The 'To' number whatsapp:undefined is not a valid phone number.
    at success (C:\Users\Pancho\Downloads\Full Stack Dev\ANTERIOR\REPO2\backend-coderhouse-master\Entrega-20\node_modules\twilio\lib\base\Version.js:135:15)
    at Promise_then_fulfilled (C:\Users\Pancho\Downloads\Full Stack Dev\ANTERIOR\REPO2\backend-coderhouse-master\Entrega-20\node_modules\q\q.js:766:44)
    at Promise_done_fulfilled (C:\Users\Pancho\Downloads\Full Stack Dev\ANTERIOR\REPO2\backend-coderhouse-master\Entrega-20\node_modules\q\q.js:835:31)
    at Fulfilled.Fulfilled_dispatch [as dispatch] (C:\Users\Pancho\Downloads\Full Stack Dev\ANTERIOR\REPO2\backend-coderhouse-master\Entrega-20\node_modules\q\q.js:1229:9)
    at Pending_become_eachMessage_task (C:\Users\Pancho\Downloads\Full Stack Dev\ANTERIOR\REPO2\backend-coderhouse-master\Entrega-20\node_modules\q\q.js:1369:30)
    at RawTask.call (C:\Users\Pancho\Downloads\Full Stack Dev\ANTERIOR\REPO2\backend-coderhouse-master\Entrega-20\node_modules\asap\asap.js:40:19)
    at flush (C:\Users\Pancho\Downloads\Full Stack Dev\ANTERIOR\REPO2\backend-coderhouse-master\Entrega-20\node_modules\asap\raw.js:50:29)
    at process.processTicksAndRejections (node:internal/process/task_queues:77:11) {
  status: 400,
  code: 21211,
  moreInfo: 'https://www.twilio.com/docs/errors/21211',
  details: undefined
}
[2023-01-23T11:14:29.810] [ERROR] default - Whatsapp Error:  RestException [Error]: Authenticate
    at success (C:\Users\Pancho\Downloads\Full Stack Dev\BackendCoder\BackEndCoder\entrega-20\node_modules\twilio\lib\base\Version.js:135:15)
    at Promise_then_fulfilled (C:\Users\Pancho\Downloads\Full Stack Dev\BackendCoder\BackEndCoder\entrega-20\node_modules\q\q.js:766:44)
    at Promise_done_fulfilled (C:\Users\Pancho\Downloads\Full Stack Dev\BackendCoder\BackEndCoder\entrega-20\node_modules\q\q.js:835:31)
    at Fulfilled.Fulfilled_dispatch [as dispatch] (C:\Users\Pancho\Downloads\Full Stack Dev\BackendCoder\BackEndCoder\entrega-20\node_modules\q\q.js:1229:9)
    at Pending_become_eachMessage_task (C:\Users\Pancho\Downloads\Full Stack Dev\BackendCoder\BackEndCoder\entrega-20\node_modules\q\q.js:1369:30)
    at RawTask.call (C:\Users\Pancho\Downloads\Full Stack Dev\BackendCoder\BackEndCoder\entrega-20\node_modules\asap\asap.js:40:19)
    at flush (C:\Users\Pancho\Downloads\Full Stack Dev\BackendCoder\BackEndCoder\entrega-20\node_modules\asap\raw.js:50:29)
    at process.processTicksAndRejections (node:internal/process/task_queues:77:11) {
  status: 401,
  code: 20003,
  moreInfo: 'https://www.twilio.com/docs/errors/20003',
  details: undefined
}
[2023-01-23T11:14:30.430] [ERROR] default - Whatsapp Error:  RestException [Error]: Authenticate
    at success (C:\Users\Pancho\Downloads\Full Stack Dev\BackendCoder\BackEndCoder\entrega-20\node_modules\twilio\lib\base\Version.js:135:15)
    at Promise_then_fulfilled (C:\Users\Pancho\Downloads\Full Stack Dev\BackendCoder\BackEndCoder\entrega-20\node_modules\q\q.js:766:44)
    at Promise_done_fulfilled (C:\Users\Pancho\Downloads\Full Stack Dev\BackendCoder\BackEndCoder\entrega-20\node_modules\q\q.js:835:31)
    at Fulfilled.Fulfilled_dispatch [as dispatch] (C:\Users\Pancho\Downloads\Full Stack Dev\BackendCoder\BackEndCoder\entrega-20\node_modules\q\q.js:1229:9)
    at Pending_become_eachMessage_task (C:\Users\Pancho\Downloads\Full Stack Dev\BackendCoder\BackEndCoder\entrega-20\node_modules\q\q.js:1369:30)
    at RawTask.call (C:\Users\Pancho\Downloads\Full Stack Dev\BackendCoder\BackEndCoder\entrega-20\node_modules\asap\asap.js:40:19)
    at flush (C:\Users\Pancho\Downloads\Full Stack Dev\BackendCoder\BackEndCoder\entrega-20\node_modules\asap\raw.js:50:29)
    at process.processTicksAndRejections (node:internal/process/task_queues:77:11) {
  status: 401,
  code: 20003,
  moreInfo: 'https://www.twilio.com/docs/errors/20003',
  details: undefined
}
