[2023-01-08T16:33:04.569] [ERROR] default - ReferenceError: Cannot access 'mailOptions' before initialization
    at sendemail (file:///C:/Users/Pancho/Downloads/Full%20Stack%20Dev/BackendCoder/BackEndCoder/entrega-18/src/notifications/gmail/EmailSender.js:38:29)
    at file:///C:/Users/Pancho/Downloads/Full%20Stack%20Dev/BackendCoder/BackEndCoder/entrega-18/src/routes/user.js:32:15
    at process.processTicksAndRejections (node:internal/process/task_queues:95:5)
[2023-01-08T16:34:21.963] [ERROR] default - ReferenceError: MAIL_ACCOUNT is not defined
    at mailOptions (file:///C:/Users/Pancho/Downloads/Full%20Stack%20Dev/BackendCoder/BackEndCoder/entrega-18/src/notifications/gmail/EmailSender.js:19:13)
    at sendemail (file:///C:/Users/Pancho/Downloads/Full%20Stack%20Dev/BackendCoder/BackEndCoder/entrega-18/src/notifications/gmail/EmailSender.js:38:25)
    at file:///C:/Users/Pancho/Downloads/Full%20Stack%20Dev/BackendCoder/BackEndCoder/entrega-18/src/routes/user.js:32:15
    at process.processTicksAndRejections (node:internal/process/task_queues:95:5)
[2023-01-08T16:34:52.306] [ERROR] default - ReferenceError: MAIL_ACCOUNT is not defined
    at mailOptions (file:///C:/Users/Pancho/Downloads/Full%20Stack%20Dev/BackendCoder/BackEndCoder/entrega-18/src/notifications/gmail/EmailSender.js:19:13)
    at sendemail (file:///C:/Users/Pancho/Downloads/Full%20Stack%20Dev/BackendCoder/BackEndCoder/entrega-18/src/notifications/gmail/EmailSender.js:38:25)
    at file:///C:/Users/Pancho/Downloads/Full%20Stack%20Dev/BackendCoder/BackEndCoder/entrega-18/src/routes/user.js:32:15
    at process.processTicksAndRejections (node:internal/process/task_queues:95:5)
[2023-01-08T16:35:23.679] [ERROR] default - ReferenceError: MAIL_ACCOUNT is not defined
    at mailOptions (file:///C:/Users/Pancho/Downloads/Full%20Stack%20Dev/BackendCoder/BackEndCoder/entrega-18/src/notifications/gmail/EmailSender.js:19:13)
    at sendemail (file:///C:/Users/Pancho/Downloads/Full%20Stack%20Dev/BackendCoder/BackEndCoder/entrega-18/src/notifications/gmail/EmailSender.js:38:25)
    at file:///C:/Users/Pancho/Downloads/Full%20Stack%20Dev/BackendCoder/BackEndCoder/entrega-18/src/routes/user.js:32:15
    at process.processTicksAndRejections (node:internal/process/task_queues:95:5)
[2023-01-08T16:36:25.822] [ERROR] default - ReferenceError: MAIL_ACCOUNT is not defined
    at mailOptions (file:///C:/Users/Pancho/Downloads/Full%20Stack%20Dev/BackendCoder/BackEndCoder/entrega-18/src/notifications/gmail/EmailSender.js:19:13)
    at sendemail (file:///C:/Users/Pancho/Downloads/Full%20Stack%20Dev/BackendCoder/BackEndCoder/entrega-18/src/notifications/gmail/EmailSender.js:38:25)
    at file:///C:/Users/Pancho/Downloads/Full%20Stack%20Dev/BackendCoder/BackEndCoder/entrega-18/src/routes/user.js:32:15
    at process.processTicksAndRejections (node:internal/process/task_queues:95:5)
[2023-01-08T16:36:54.791] [ERROR] default - TypeError: transporter.sendeMail is not a function
    at sendemail (file:///C:/Users/Pancho/Downloads/Full%20Stack%20Dev/BackendCoder/BackEndCoder/entrega-18/src/notifications/gmail/EmailSender.js:43:27)
    at file:///C:/Users/Pancho/Downloads/Full%20Stack%20Dev/BackendCoder/BackEndCoder/entrega-18/src/routes/user.js:32:15
    at process.processTicksAndRejections (node:internal/process/task_queues:95:5)
[2023-01-08T16:38:18.861] [ERROR] default - MongoServerError: E11000 duplicate key error collection: test.usuarios index: username_1 dup key: { username: "pancho91" }
    at C:\Users\Pancho\Downloads\Full Stack Dev\BackendCoder\BackEndCoder\entrega-18\node_modules\mongoose\node_modules\mongodb\lib\operations\insert.js:53:33
    at C:\Users\Pancho\Downloads\Full Stack Dev\BackendCoder\BackEndCoder\entrega-18\node_modules\mongoose\node_modules\mongodb\lib\cmap\connection_pool.js:273:25
    at handleOperationResult (C:\Users\Pancho\Downloads\Full Stack Dev\BackendCoder\BackEndCoder\entrega-18\node_modules\mongoose\node_modules\mongodb\lib\sdam\server.js:327:20)
    at Connection.onMessage (C:\Users\Pancho\Downloads\Full Stack Dev\BackendCoder\BackEndCoder\entrega-18\node_modules\mongoose\node_modules\mongodb\lib\cmap\connection.js:215:9)
    at MessageStream.<anonymous> (C:\Users\Pancho\Downloads\Full Stack Dev\BackendCoder\BackEndCoder\entrega-18\node_modules\mongoose\node_modules\mongodb\lib\cmap\connection.js:63:60)
    at MessageStream.emit (node:events:527:28)
    at processIncomingData (C:\Users\Pancho\Downloads\Full Stack Dev\BackendCoder\BackEndCoder\entrega-18\node_modules\mongoose\node_modules\mongodb\lib\cmap\message_stream.js:108:16)
    at MessageStream._write (C:\Users\Pancho\Downloads\Full Stack Dev\BackendCoder\BackEndCoder\entrega-18\node_modules\mongoose\node_modules\mongodb\lib\cmap\message_stream.js:28:9)
    at writeOrBuffer (node:internal/streams/writable:390:12)
    at _write (node:internal/streams/writable:331:10) {
  index: 0,
  code: 11000,
  keyPattern: { username: 1 },
  keyValue: { username: 'pancho91' },
  [Symbol(errorLabels)]: Set(0) {}
}
[2023-01-08T16:39:03.290] [ERROR] default - Error: Invalid login: 535 Authentication failed
    at SMTPConnection._formatError (C:\Users\Pancho\Downloads\Full Stack Dev\BackendCoder\BackEndCoder\entrega-18\node_modules\nodemailer\lib\smtp-connection\index.js:790:19)
    at SMTPConnection._actionAUTHComplete (C:\Users\Pancho\Downloads\Full Stack Dev\BackendCoder\BackEndCoder\entrega-18\node_modules\nodemailer\lib\smtp-connection\index.js:1542:34)
    at SMTPConnection.<anonymous> (C:\Users\Pancho\Downloads\Full Stack Dev\BackendCoder\BackEndCoder\entrega-18\node_modules\nodemailer\lib\smtp-connection\index.js:546:26)
    at SMTPConnection._processResponse (C:\Users\Pancho\Downloads\Full Stack Dev\BackendCoder\BackEndCoder\entrega-18\node_modules\nodemailer\lib\smtp-connection\index.js:953:20)
    at SMTPConnection._onData (C:\Users\Pancho\Downloads\Full Stack Dev\BackendCoder\BackEndCoder\entrega-18\node_modules\nodemailer\lib\smtp-connection\index.js:755:14)
    at SMTPConnection._onSocketData (C:\Users\Pancho\Downloads\Full Stack Dev\BackendCoder\BackEndCoder\entrega-18\node_modules\nodemailer\lib\smtp-connection\index.js:193:44)
    at TLSSocket.emit (node:events:527:28)
    at addChunk (node:internal/streams/readable:324:12)
    at readableAddChunk (node:internal/streams/readable:297:9)
    at Readable.push (node:internal/streams/readable:234:10) {
  code: 'EAUTH',
  response: '535 Authentication failed',
  responseCode: 535,
  command: 'AUTH PLAIN'
}
[2023-01-08T16:40:18.576] [ERROR] default - Error: Invalid login: 535 Authentication failed
    at SMTPConnection._formatError (C:\Users\Pancho\Downloads\Full Stack Dev\BackendCoder\BackEndCoder\entrega-18\node_modules\nodemailer\lib\smtp-connection\index.js:790:19)
    at SMTPConnection._actionAUTHComplete (C:\Users\Pancho\Downloads\Full Stack Dev\BackendCoder\BackEndCoder\entrega-18\node_modules\nodemailer\lib\smtp-connection\index.js:1542:34)
    at SMTPConnection.<anonymous> (C:\Users\Pancho\Downloads\Full Stack Dev\BackendCoder\BackEndCoder\entrega-18\node_modules\nodemailer\lib\smtp-connection\index.js:546:26)
    at SMTPConnection._processResponse (C:\Users\Pancho\Downloads\Full Stack Dev\BackendCoder\BackEndCoder\entrega-18\node_modules\nodemailer\lib\smtp-connection\index.js:953:20)
    at SMTPConnection._onData (C:\Users\Pancho\Downloads\Full Stack Dev\BackendCoder\BackEndCoder\entrega-18\node_modules\nodemailer\lib\smtp-connection\index.js:755:14)
    at SMTPConnection._onSocketData (C:\Users\Pancho\Downloads\Full Stack Dev\BackendCoder\BackEndCoder\entrega-18\node_modules\nodemailer\lib\smtp-connection\index.js:193:44)
    at TLSSocket.emit (node:events:527:28)
    at addChunk (node:internal/streams/readable:324:12)
    at readableAddChunk (node:internal/streams/readable:297:9)
    at Readable.push (node:internal/streams/readable:234:10) {
  code: 'EAUTH',
  response: '535 Authentication failed',
  responseCode: 535,
  command: 'AUTH PLAIN'
}
[2023-01-08T17:23:22.683] [ERROR] default - Error: Invalid login: 535 Authentication failed
    at SMTPConnection._formatError (C:\Users\Pancho\Downloads\Full Stack Dev\BackendCoder\BackEndCoder\entrega-18\node_modules\nodemailer\lib\smtp-connection\index.js:790:19)
    at SMTPConnection._actionAUTHComplete (C:\Users\Pancho\Downloads\Full Stack Dev\BackendCoder\BackEndCoder\entrega-18\node_modules\nodemailer\lib\smtp-connection\index.js:1542:34)
    at SMTPConnection.<anonymous> (C:\Users\Pancho\Downloads\Full Stack Dev\BackendCoder\BackEndCoder\entrega-18\node_modules\nodemailer\lib\smtp-connection\index.js:546:26)
    at SMTPConnection._processResponse (C:\Users\Pancho\Downloads\Full Stack Dev\BackendCoder\BackEndCoder\entrega-18\node_modules\nodemailer\lib\smtp-connection\index.js:953:20)
    at SMTPConnection._onData (C:\Users\Pancho\Downloads\Full Stack Dev\BackendCoder\BackEndCoder\entrega-18\node_modules\nodemailer\lib\smtp-connection\index.js:755:14)
    at SMTPConnection._onSocketData (C:\Users\Pancho\Downloads\Full Stack Dev\BackendCoder\BackEndCoder\entrega-18\node_modules\nodemailer\lib\smtp-connection\index.js:193:44)
    at TLSSocket.emit (node:events:527:28)
    at addChunk (node:internal/streams/readable:324:12)
    at readableAddChunk (node:internal/streams/readable:297:9)
    at Readable.push (node:internal/streams/readable:234:10) {
  code: 'EAUTH',
  response: '535 Authentication failed',
  responseCode: 535,
  command: 'AUTH PLAIN'
}
[2023-01-08T17:24:36.225] [ERROR] default - Error: Invalid login: 535 Authentication failed
    at SMTPConnection._formatError (C:\Users\Pancho\Downloads\Full Stack Dev\BackendCoder\BackEndCoder\entrega-18\node_modules\nodemailer\lib\smtp-connection\index.js:790:19)
    at SMTPConnection._actionAUTHComplete (C:\Users\Pancho\Downloads\Full Stack Dev\BackendCoder\BackEndCoder\entrega-18\node_modules\nodemailer\lib\smtp-connection\index.js:1542:34)
    at SMTPConnection.<anonymous> (C:\Users\Pancho\Downloads\Full Stack Dev\BackendCoder\BackEndCoder\entrega-18\node_modules\nodemailer\lib\smtp-connection\index.js:546:26)
    at SMTPConnection._processResponse (C:\Users\Pancho\Downloads\Full Stack Dev\BackendCoder\BackEndCoder\entrega-18\node_modules\nodemailer\lib\smtp-connection\index.js:953:20)
    at SMTPConnection._onData (C:\Users\Pancho\Downloads\Full Stack Dev\BackendCoder\BackEndCoder\entrega-18\node_modules\nodemailer\lib\smtp-connection\index.js:755:14)
    at SMTPConnection._onSocketData (C:\Users\Pancho\Downloads\Full Stack Dev\BackendCoder\BackEndCoder\entrega-18\node_modules\nodemailer\lib\smtp-connection\index.js:193:44)
    at TLSSocket.emit (node:events:527:28)
    at addChunk (node:internal/streams/readable:324:12)
    at readableAddChunk (node:internal/streams/readable:297:9)
    at Readable.push (node:internal/streams/readable:234:10) {
  code: 'EAUTH',
  response: '535 Authentication failed',
  responseCode: 535,
  command: 'AUTH PLAIN'
}
[2023-01-08T18:32:20.139] [ERROR] default - MongoServerError: E11000 duplicate key error collection: test.usuarios index: username_1 dup key: { username: "pancho8" }
    at C:\Users\Pancho\Downloads\Full Stack Dev\BackendCoder\BackEndCoder\entrega-18\node_modules\mongoose\node_modules\mongodb\lib\operations\insert.js:53:33
    at C:\Users\Pancho\Downloads\Full Stack Dev\BackendCoder\BackEndCoder\entrega-18\node_modules\mongoose\node_modules\mongodb\lib\cmap\connection_pool.js:273:25
    at handleOperationResult (C:\Users\Pancho\Downloads\Full Stack Dev\BackendCoder\BackEndCoder\entrega-18\node_modules\mongoose\node_modules\mongodb\lib\sdam\server.js:327:20)
    at Connection.onMessage (C:\Users\Pancho\Downloads\Full Stack Dev\BackendCoder\BackEndCoder\entrega-18\node_modules\mongoose\node_modules\mongodb\lib\cmap\connection.js:215:9)
    at MessageStream.<anonymous> (C:\Users\Pancho\Downloads\Full Stack Dev\BackendCoder\BackEndCoder\entrega-18\node_modules\mongoose\node_modules\mongodb\lib\cmap\connection.js:63:60)
    at MessageStream.emit (node:events:527:28)
    at processIncomingData (C:\Users\Pancho\Downloads\Full Stack Dev\BackendCoder\BackEndCoder\entrega-18\node_modules\mongoose\node_modules\mongodb\lib\cmap\message_stream.js:108:16)
    at MessageStream._write (C:\Users\Pancho\Downloads\Full Stack Dev\BackendCoder\BackEndCoder\entrega-18\node_modules\mongoose\node_modules\mongodb\lib\cmap\message_stream.js:28:9)
    at writeOrBuffer (node:internal/streams/writable:390:12)
    at _write (node:internal/streams/writable:331:10) {
  index: 0,
  code: 11000,
  keyPattern: { username: 1 },
  keyValue: { username: 'pancho8' },
  [Symbol(errorLabels)]: Set(0) {}
}
[2023-01-08T20:46:32.903] [ERROR] default - MongoServerError: E11000 duplicate key error collection: test.usuarios index: username_1 dup key: { username: "pancho" }
    at C:\Users\Pancho\Downloads\Full Stack Dev\BackendCoder\BackEndCoder\entrega-18\node_modules\mongoose\node_modules\mongodb\lib\operations\insert.js:53:33
    at C:\Users\Pancho\Downloads\Full Stack Dev\BackendCoder\BackEndCoder\entrega-18\node_modules\mongoose\node_modules\mongodb\lib\cmap\connection_pool.js:273:25
    at handleOperationResult (C:\Users\Pancho\Downloads\Full Stack Dev\BackendCoder\BackEndCoder\entrega-18\node_modules\mongoose\node_modules\mongodb\lib\sdam\server.js:327:20)
    at Connection.onMessage (C:\Users\Pancho\Downloads\Full Stack Dev\BackendCoder\BackEndCoder\entrega-18\node_modules\mongoose\node_modules\mongodb\lib\cmap\connection.js:215:9)
    at MessageStream.<anonymous> (C:\Users\Pancho\Downloads\Full Stack Dev\BackendCoder\BackEndCoder\entrega-18\node_modules\mongoose\node_modules\mongodb\lib\cmap\connection.js:63:60)
    at MessageStream.emit (node:events:527:28)
    at processIncomingData (C:\Users\Pancho\Downloads\Full Stack Dev\BackendCoder\BackEndCoder\entrega-18\node_modules\mongoose\node_modules\mongodb\lib\cmap\message_stream.js:108:16)
    at MessageStream._write (C:\Users\Pancho\Downloads\Full Stack Dev\BackendCoder\BackEndCoder\entrega-18\node_modules\mongoose\node_modules\mongodb\lib\cmap\message_stream.js:28:9)
    at writeOrBuffer (node:internal/streams/writable:390:12)
    at _write (node:internal/streams/writable:331:10) {
  index: 0,
  code: 11000,
  keyPattern: { username: 1 },
  keyValue: { username: 'pancho' },
  [Symbol(errorLabels)]: Set(0) {}
}
[2023-01-08T20:59:07.773] [ERROR] default - MongoServerError: E11000 duplicate key error collection: test.usuarios index: username_1 dup key: { username: "manu" }
    at C:\Users\Pancho\Downloads\Full Stack Dev\BackendCoder\BackEndCoder\entrega-18\node_modules\mongoose\node_modules\mongodb\lib\operations\insert.js:53:33
    at C:\Users\Pancho\Downloads\Full Stack Dev\BackendCoder\BackEndCoder\entrega-18\node_modules\mongoose\node_modules\mongodb\lib\cmap\connection_pool.js:273:25
    at handleOperationResult (C:\Users\Pancho\Downloads\Full Stack Dev\BackendCoder\BackEndCoder\entrega-18\node_modules\mongoose\node_modules\mongodb\lib\sdam\server.js:327:20)
    at Connection.onMessage (C:\Users\Pancho\Downloads\Full Stack Dev\BackendCoder\BackEndCoder\entrega-18\node_modules\mongoose\node_modules\mongodb\lib\cmap\connection.js:215:9)
    at MessageStream.<anonymous> (C:\Users\Pancho\Downloads\Full Stack Dev\BackendCoder\BackEndCoder\entrega-18\node_modules\mongoose\node_modules\mongodb\lib\cmap\connection.js:63:60)
    at MessageStream.emit (node:events:527:28)
    at processIncomingData (C:\Users\Pancho\Downloads\Full Stack Dev\BackendCoder\BackEndCoder\entrega-18\node_modules\mongoose\node_modules\mongodb\lib\cmap\message_stream.js:108:16)
    at MessageStream._write (C:\Users\Pancho\Downloads\Full Stack Dev\BackendCoder\BackEndCoder\entrega-18\node_modules\mongoose\node_modules\mongodb\lib\cmap\message_stream.js:28:9)
    at writeOrBuffer (node:internal/streams/writable:390:12)
    at _write (node:internal/streams/writable:331:10) {
  index: 0,
  code: 11000,
  keyPattern: { username: 1 },
  keyValue: { username: 'manu' },
  [Symbol(errorLabels)]: Set(0) {}
}
[2023-01-08T22:36:23.811] [ERROR] default - MongoServerError: E11000 duplicate key error collection: test.usuarios index: username_1 dup key: { username: "pancho" }
    at C:\Users\Pancho\Downloads\Full Stack Dev\BackendCoder\BackEndCoder\entrega-18\node_modules\mongoose\node_modules\mongodb\lib\operations\insert.js:53:33
    at C:\Users\Pancho\Downloads\Full Stack Dev\BackendCoder\BackEndCoder\entrega-18\node_modules\mongoose\node_modules\mongodb\lib\cmap\connection_pool.js:273:25
    at handleOperationResult (C:\Users\Pancho\Downloads\Full Stack Dev\BackendCoder\BackEndCoder\entrega-18\node_modules\mongoose\node_modules\mongodb\lib\sdam\server.js:327:20)
    at Connection.onMessage (C:\Users\Pancho\Downloads\Full Stack Dev\BackendCoder\BackEndCoder\entrega-18\node_modules\mongoose\node_modules\mongodb\lib\cmap\connection.js:215:9)
    at MessageStream.<anonymous> (C:\Users\Pancho\Downloads\Full Stack Dev\BackendCoder\BackEndCoder\entrega-18\node_modules\mongoose\node_modules\mongodb\lib\cmap\connection.js:63:60)
    at MessageStream.emit (node:events:527:28)
    at processIncomingData (C:\Users\Pancho\Downloads\Full Stack Dev\BackendCoder\BackEndCoder\entrega-18\node_modules\mongoose\node_modules\mongodb\lib\cmap\message_stream.js:108:16)
    at MessageStream._write (C:\Users\Pancho\Downloads\Full Stack Dev\BackendCoder\BackEndCoder\entrega-18\node_modules\mongoose\node_modules\mongodb\lib\cmap\message_stream.js:28:9)
    at writeOrBuffer (node:internal/streams/writable:390:12)
    at _write (node:internal/streams/writable:331:10) {
  index: 0,
  code: 11000,
  keyPattern: { username: 1 },
  keyValue: { username: 'pancho' },
  [Symbol(errorLabels)]: Set(0) {}
}
[2023-01-08T22:44:54.497] [ERROR] default - Error: listen EADDRINUSE: address already in use :::8080
    at Server.setupListenHandle [as _listen2] (node:net:1380:16)
    at listenInCluster (node:net:1428:12)
    at Server.listen (node:net:1516:7)
    at Function.listen (C:\Users\Pancho\Downloads\Full Stack Dev\BackendCoder\BackEndCoder\entrega-18\node_modules\express\lib\application.js:618:24)
    at file:///C:/Users/Pancho/Downloads/Full%20Stack%20Dev/BackendCoder/BackEndCoder/entrega-18/src/server.js:81:20
    at ModuleJob.run (node:internal/modules/esm/module_job:198:25)
    at async Promise.all (index 0)
    at async ESMLoader.import (node:internal/modules/esm/loader:409:24)
    at async loadESM (node:internal/process/esm_loader:85:5)
    at async handleMainPromise (node:internal/modules/run_main:61:12) {
  code: 'EADDRINUSE',
  errno: -4091,
  syscall: 'listen',
  address: '::',
  port: 8080
}
[2023-01-08T22:55:47.378] [ERROR] default - MongoServerError: E11000 duplicate key error collection: test.usuarios index: username_1 dup key: { username: "pancho399999" }
    at C:\Users\Pancho\Downloads\Full Stack Dev\BackendCoder\BackEndCoder\entrega-18\node_modules\mongoose\node_modules\mongodb\lib\operations\insert.js:53:33
    at C:\Users\Pancho\Downloads\Full Stack Dev\BackendCoder\BackEndCoder\entrega-18\node_modules\mongoose\node_modules\mongodb\lib\cmap\connection_pool.js:273:25
    at handleOperationResult (C:\Users\Pancho\Downloads\Full Stack Dev\BackendCoder\BackEndCoder\entrega-18\node_modules\mongoose\node_modules\mongodb\lib\sdam\server.js:327:20)
    at Connection.onMessage (C:\Users\Pancho\Downloads\Full Stack Dev\BackendCoder\BackEndCoder\entrega-18\node_modules\mongoose\node_modules\mongodb\lib\cmap\connection.js:215:9)
    at MessageStream.<anonymous> (C:\Users\Pancho\Downloads\Full Stack Dev\BackendCoder\BackEndCoder\entrega-18\node_modules\mongoose\node_modules\mongodb\lib\cmap\connection.js:63:60)
    at MessageStream.emit (node:events:527:28)
    at processIncomingData (C:\Users\Pancho\Downloads\Full Stack Dev\BackendCoder\BackEndCoder\entrega-18\node_modules\mongoose\node_modules\mongodb\lib\cmap\message_stream.js:108:16)
    at MessageStream._write (C:\Users\Pancho\Downloads\Full Stack Dev\BackendCoder\BackEndCoder\entrega-18\node_modules\mongoose\node_modules\mongodb\lib\cmap\message_stream.js:28:9)
    at writeOrBuffer (node:internal/streams/writable:390:12)
    at _write (node:internal/streams/writable:331:10) {
  index: 0,
  code: 11000,
  keyPattern: { username: 1 },
  keyValue: { username: 'pancho399999' },
  [Symbol(errorLabels)]: Set(0) {}
}
[2023-01-08T23:01:15.950] [ERROR] default - MongoServerError: E11000 duplicate key error collection: test.usuarios index: username_1 dup key: { username: "pancho39999" }
    at C:\Users\Pancho\Downloads\Full Stack Dev\BackendCoder\BackEndCoder\entrega-18\node_modules\mongoose\node_modules\mongodb\lib\operations\insert.js:53:33
    at C:\Users\Pancho\Downloads\Full Stack Dev\BackendCoder\BackEndCoder\entrega-18\node_modules\mongoose\node_modules\mongodb\lib\cmap\connection_pool.js:273:25
    at handleOperationResult (C:\Users\Pancho\Downloads\Full Stack Dev\BackendCoder\BackEndCoder\entrega-18\node_modules\mongoose\node_modules\mongodb\lib\sdam\server.js:327:20)
    at Connection.onMessage (C:\Users\Pancho\Downloads\Full Stack Dev\BackendCoder\BackEndCoder\entrega-18\node_modules\mongoose\node_modules\mongodb\lib\cmap\connection.js:215:9)
    at MessageStream.<anonymous> (C:\Users\Pancho\Downloads\Full Stack Dev\BackendCoder\BackEndCoder\entrega-18\node_modules\mongoose\node_modules\mongodb\lib\cmap\connection.js:63:60)
    at MessageStream.emit (node:events:527:28)
    at processIncomingData (C:\Users\Pancho\Downloads\Full Stack Dev\BackendCoder\BackEndCoder\entrega-18\node_modules\mongoose\node_modules\mongodb\lib\cmap\message_stream.js:108:16)
    at MessageStream._write (C:\Users\Pancho\Downloads\Full Stack Dev\BackendCoder\BackEndCoder\entrega-18\node_modules\mongoose\node_modules\mongodb\lib\cmap\message_stream.js:28:9)
    at writeOrBuffer (node:internal/streams/writable:390:12)
    at _write (node:internal/streams/writable:331:10) {
  index: 0,
  code: 11000,
  keyPattern: { username: 1 },
  keyValue: { username: 'pancho39999' },
  [Symbol(errorLabels)]: Set(0) {}
}
[2023-01-08T23:32:08.881] [ERROR] default - MongoServerError: E11000 duplicate key error collection: test.usuarios index: username_1 dup key: { username: "pancho3" }
    at C:\Users\Pancho\Downloads\Full Stack Dev\BackendCoder\BackEndCoder\entrega-18\node_modules\mongoose\node_modules\mongodb\lib\operations\insert.js:53:33
    at C:\Users\Pancho\Downloads\Full Stack Dev\BackendCoder\BackEndCoder\entrega-18\node_modules\mongoose\node_modules\mongodb\lib\cmap\connection_pool.js:273:25
    at handleOperationResult (C:\Users\Pancho\Downloads\Full Stack Dev\BackendCoder\BackEndCoder\entrega-18\node_modules\mongoose\node_modules\mongodb\lib\sdam\server.js:327:20)
    at Connection.onMessage (C:\Users\Pancho\Downloads\Full Stack Dev\BackendCoder\BackEndCoder\entrega-18\node_modules\mongoose\node_modules\mongodb\lib\cmap\connection.js:215:9)
    at MessageStream.<anonymous> (C:\Users\Pancho\Downloads\Full Stack Dev\BackendCoder\BackEndCoder\entrega-18\node_modules\mongoose\node_modules\mongodb\lib\cmap\connection.js:63:60)
    at MessageStream.emit (node:events:527:28)
    at processIncomingData (C:\Users\Pancho\Downloads\Full Stack Dev\BackendCoder\BackEndCoder\entrega-18\node_modules\mongoose\node_modules\mongodb\lib\cmap\message_stream.js:108:16)
    at MessageStream._write (C:\Users\Pancho\Downloads\Full Stack Dev\BackendCoder\BackEndCoder\entrega-18\node_modules\mongoose\node_modules\mongodb\lib\cmap\message_stream.js:28:9)
    at writeOrBuffer (node:internal/streams/writable:390:12)
    at _write (node:internal/streams/writable:331:10) {
  index: 0,
  code: 11000,
  keyPattern: { username: 1 },
  keyValue: { username: 'pancho3' },
  [Symbol(errorLabels)]: Set(0) {}
}
[2023-01-09T11:41:56.252] [ERROR] default - MongoServerError: E11000 duplicate key error collection: test.usuarios index: username_1 dup key: { username: "pancho2127" }
    at C:\Users\Pancho\Downloads\Full Stack Dev\BackendCoder\BackEndCoder\entrega-18\node_modules\mongoose\node_modules\mongodb\lib\operations\insert.js:53:33
    at C:\Users\Pancho\Downloads\Full Stack Dev\BackendCoder\BackEndCoder\entrega-18\node_modules\mongoose\node_modules\mongodb\lib\cmap\connection_pool.js:273:25
    at handleOperationResult (C:\Users\Pancho\Downloads\Full Stack Dev\BackendCoder\BackEndCoder\entrega-18\node_modules\mongoose\node_modules\mongodb\lib\sdam\server.js:327:20)
    at Connection.onMessage (C:\Users\Pancho\Downloads\Full Stack Dev\BackendCoder\BackEndCoder\entrega-18\node_modules\mongoose\node_modules\mongodb\lib\cmap\connection.js:215:9)
    at MessageStream.<anonymous> (C:\Users\Pancho\Downloads\Full Stack Dev\BackendCoder\BackEndCoder\entrega-18\node_modules\mongoose\node_modules\mongodb\lib\cmap\connection.js:63:60)
    at MessageStream.emit (node:events:527:28)
    at processIncomingData (C:\Users\Pancho\Downloads\Full Stack Dev\BackendCoder\BackEndCoder\entrega-18\node_modules\mongoose\node_modules\mongodb\lib\cmap\message_stream.js:108:16)
    at MessageStream._write (C:\Users\Pancho\Downloads\Full Stack Dev\BackendCoder\BackEndCoder\entrega-18\node_modules\mongoose\node_modules\mongodb\lib\cmap\message_stream.js:28:9)
    at writeOrBuffer (node:internal/streams/writable:390:12)
    at _write (node:internal/streams/writable:331:10) {
  index: 0,
  code: 11000,
  keyPattern: { username: 1 },
  keyValue: { username: 'pancho2127' },
  [Symbol(errorLabels)]: Set(0) {}
}
[2023-01-09T11:44:04.532] [ERROR] default - MongoServerError: E11000 duplicate key error collection: test.usuarios index: username_1 dup key: { username: "pancho2127" }
    at C:\Users\Pancho\Downloads\Full Stack Dev\BackendCoder\BackEndCoder\entrega-18\node_modules\mongoose\node_modules\mongodb\lib\operations\insert.js:53:33
    at C:\Users\Pancho\Downloads\Full Stack Dev\BackendCoder\BackEndCoder\entrega-18\node_modules\mongoose\node_modules\mongodb\lib\cmap\connection_pool.js:273:25
    at handleOperationResult (C:\Users\Pancho\Downloads\Full Stack Dev\BackendCoder\BackEndCoder\entrega-18\node_modules\mongoose\node_modules\mongodb\lib\sdam\server.js:327:20)
    at Connection.onMessage (C:\Users\Pancho\Downloads\Full Stack Dev\BackendCoder\BackEndCoder\entrega-18\node_modules\mongoose\node_modules\mongodb\lib\cmap\connection.js:215:9)
    at MessageStream.<anonymous> (C:\Users\Pancho\Downloads\Full Stack Dev\BackendCoder\BackEndCoder\entrega-18\node_modules\mongoose\node_modules\mongodb\lib\cmap\connection.js:63:60)
    at MessageStream.emit (node:events:527:28)
    at processIncomingData (C:\Users\Pancho\Downloads\Full Stack Dev\BackendCoder\BackEndCoder\entrega-18\node_modules\mongoose\node_modules\mongodb\lib\cmap\message_stream.js:108:16)
    at MessageStream._write (C:\Users\Pancho\Downloads\Full Stack Dev\BackendCoder\BackEndCoder\entrega-18\node_modules\mongoose\node_modules\mongodb\lib\cmap\message_stream.js:28:9)
    at writeOrBuffer (node:internal/streams/writable:390:12)
    at _write (node:internal/streams/writable:331:10) {
  index: 0,
  code: 11000,
  keyPattern: { username: 1 },
  keyValue: { username: 'pancho2127' },
  [Symbol(errorLabels)]: Set(0) {}
}
[2023-01-09T23:25:15.856] [ERROR] default - MongoServerError: E11000 duplicate key error collection: test.usuarios index: username_1 dup key: { username: "inaki" }
    at C:\Users\Pancho\Downloads\Full Stack Dev\BackendCoder\BackEndCoder\entrega-18\node_modules\mongoose\node_modules\mongodb\lib\operations\insert.js:53:33
    at C:\Users\Pancho\Downloads\Full Stack Dev\BackendCoder\BackEndCoder\entrega-18\node_modules\mongoose\node_modules\mongodb\lib\cmap\connection_pool.js:273:25
    at handleOperationResult (C:\Users\Pancho\Downloads\Full Stack Dev\BackendCoder\BackEndCoder\entrega-18\node_modules\mongoose\node_modules\mongodb\lib\sdam\server.js:327:20)
    at Connection.onMessage (C:\Users\Pancho\Downloads\Full Stack Dev\BackendCoder\BackEndCoder\entrega-18\node_modules\mongoose\node_modules\mongodb\lib\cmap\connection.js:215:9)
    at MessageStream.<anonymous> (C:\Users\Pancho\Downloads\Full Stack Dev\BackendCoder\BackEndCoder\entrega-18\node_modules\mongoose\node_modules\mongodb\lib\cmap\connection.js:63:60)
    at MessageStream.emit (node:events:527:28)
    at processIncomingData (C:\Users\Pancho\Downloads\Full Stack Dev\BackendCoder\BackEndCoder\entrega-18\node_modules\mongoose\node_modules\mongodb\lib\cmap\message_stream.js:108:16)
    at MessageStream._write (C:\Users\Pancho\Downloads\Full Stack Dev\BackendCoder\BackEndCoder\entrega-18\node_modules\mongoose\node_modules\mongodb\lib\cmap\message_stream.js:28:9)
    at writeOrBuffer (node:internal/streams/writable:390:12)
    at _write (node:internal/streams/writable:331:10) {
  index: 0,
  code: 11000,
  keyPattern: { username: 1 },
  keyValue: { username: 'inaki' },
  [Symbol(errorLabels)]: Set(0) {}
}
[2023-01-09T23:52:38.293] [ERROR] default - MongoServerError: E11000 duplicate key error collection: test.usuarios index: username_1 dup key: { username: "inaki" }
    at C:\Users\Pancho\Downloads\Full Stack Dev\BackendCoder\BackEndCoder\entrega-18\node_modules\mongoose\node_modules\mongodb\lib\operations\insert.js:53:33
    at C:\Users\Pancho\Downloads\Full Stack Dev\BackendCoder\BackEndCoder\entrega-18\node_modules\mongoose\node_modules\mongodb\lib\cmap\connection_pool.js:273:25
    at handleOperationResult (C:\Users\Pancho\Downloads\Full Stack Dev\BackendCoder\BackEndCoder\entrega-18\node_modules\mongoose\node_modules\mongodb\lib\sdam\server.js:327:20)
    at Connection.onMessage (C:\Users\Pancho\Downloads\Full Stack Dev\BackendCoder\BackEndCoder\entrega-18\node_modules\mongoose\node_modules\mongodb\lib\cmap\connection.js:215:9)
    at MessageStream.<anonymous> (C:\Users\Pancho\Downloads\Full Stack Dev\BackendCoder\BackEndCoder\entrega-18\node_modules\mongoose\node_modules\mongodb\lib\cmap\connection.js:63:60)
    at MessageStream.emit (node:events:527:28)
    at processIncomingData (C:\Users\Pancho\Downloads\Full Stack Dev\BackendCoder\BackEndCoder\entrega-18\node_modules\mongoose\node_modules\mongodb\lib\cmap\message_stream.js:108:16)
    at MessageStream._write (C:\Users\Pancho\Downloads\Full Stack Dev\BackendCoder\BackEndCoder\entrega-18\node_modules\mongoose\node_modules\mongodb\lib\cmap\message_stream.js:28:9)
    at writeOrBuffer (node:internal/streams/writable:390:12)
    at _write (node:internal/streams/writable:331:10) {
  index: 0,
  code: 11000,
  keyPattern: { username: 1 },
  keyValue: { username: 'inaki' },
  [Symbol(errorLabels)]: Set(0) {}
}
[2023-01-10T10:44:39.274] [ERROR] default - MongoServerError: E11000 duplicate key error collection: test.usuarios index: username_1 dup key: { username: "inaki" }
    at C:\Users\Pancho\Downloads\Full Stack Dev\BackendCoder\BackEndCoder\entrega-18\node_modules\mongoose\node_modules\mongodb\lib\operations\insert.js:53:33
    at C:\Users\Pancho\Downloads\Full Stack Dev\BackendCoder\BackEndCoder\entrega-18\node_modules\mongoose\node_modules\mongodb\lib\cmap\connection_pool.js:273:25
    at handleOperationResult (C:\Users\Pancho\Downloads\Full Stack Dev\BackendCoder\BackEndCoder\entrega-18\node_modules\mongoose\node_modules\mongodb\lib\sdam\server.js:327:20)
    at Connection.onMessage (C:\Users\Pancho\Downloads\Full Stack Dev\BackendCoder\BackEndCoder\entrega-18\node_modules\mongoose\node_modules\mongodb\lib\cmap\connection.js:215:9)
    at MessageStream.<anonymous> (C:\Users\Pancho\Downloads\Full Stack Dev\BackendCoder\BackEndCoder\entrega-18\node_modules\mongoose\node_modules\mongodb\lib\cmap\connection.js:63:60)
    at MessageStream.emit (node:events:527:28)
    at processIncomingData (C:\Users\Pancho\Downloads\Full Stack Dev\BackendCoder\BackEndCoder\entrega-18\node_modules\mongoose\node_modules\mongodb\lib\cmap\message_stream.js:108:16)
    at MessageStream._write (C:\Users\Pancho\Downloads\Full Stack Dev\BackendCoder\BackEndCoder\entrega-18\node_modules\mongoose\node_modules\mongodb\lib\cmap\message_stream.js:28:9)
    at writeOrBuffer (node:internal/streams/writable:390:12)
    at _write (node:internal/streams/writable:331:10) {
  index: 0,
  code: 11000,
  keyPattern: { username: 1 },
  keyValue: { username: 'inaki' },
  [Symbol(errorLabels)]: Set(0) {}
}
[2023-01-10T10:47:57.547] [ERROR] default - MongoServerError: E11000 duplicate key error collection: test.usuarios index: username_1 dup key: { username: "inaki" }
    at C:\Users\Pancho\Downloads\Full Stack Dev\BackendCoder\BackEndCoder\entrega-18\node_modules\mongoose\node_modules\mongodb\lib\operations\insert.js:53:33
    at C:\Users\Pancho\Downloads\Full Stack Dev\BackendCoder\BackEndCoder\entrega-18\node_modules\mongoose\node_modules\mongodb\lib\cmap\connection_pool.js:273:25
    at handleOperationResult (C:\Users\Pancho\Downloads\Full Stack Dev\BackendCoder\BackEndCoder\entrega-18\node_modules\mongoose\node_modules\mongodb\lib\sdam\server.js:327:20)
    at Connection.onMessage (C:\Users\Pancho\Downloads\Full Stack Dev\BackendCoder\BackEndCoder\entrega-18\node_modules\mongoose\node_modules\mongodb\lib\cmap\connection.js:215:9)
    at MessageStream.<anonymous> (C:\Users\Pancho\Downloads\Full Stack Dev\BackendCoder\BackEndCoder\entrega-18\node_modules\mongoose\node_modules\mongodb\lib\cmap\connection.js:63:60)
    at MessageStream.emit (node:events:527:28)
    at processIncomingData (C:\Users\Pancho\Downloads\Full Stack Dev\BackendCoder\BackEndCoder\entrega-18\node_modules\mongoose\node_modules\mongodb\lib\cmap\message_stream.js:108:16)
    at MessageStream._write (C:\Users\Pancho\Downloads\Full Stack Dev\BackendCoder\BackEndCoder\entrega-18\node_modules\mongoose\node_modules\mongodb\lib\cmap\message_stream.js:28:9)
    at writeOrBuffer (node:internal/streams/writable:390:12)
    at _write (node:internal/streams/writable:331:10) {
  index: 0,
  code: 11000,
  keyPattern: { username: 1 },
  keyValue: { username: 'inaki' },
  [Symbol(errorLabels)]: Set(0) {}
}
[2023-01-10T11:05:24.365] [ERROR] default - MongoServerError: E11000 duplicate key error collection: test.usuarios index: username_1 dup key: { username: "inaki" }
    at C:\Users\Pancho\Downloads\Full Stack Dev\BackendCoder\BackEndCoder\entrega-18\node_modules\mongoose\node_modules\mongodb\lib\operations\insert.js:53:33
    at C:\Users\Pancho\Downloads\Full Stack Dev\BackendCoder\BackEndCoder\entrega-18\node_modules\mongoose\node_modules\mongodb\lib\cmap\connection_pool.js:273:25
    at handleOperationResult (C:\Users\Pancho\Downloads\Full Stack Dev\BackendCoder\BackEndCoder\entrega-18\node_modules\mongoose\node_modules\mongodb\lib\sdam\server.js:327:20)
    at Connection.onMessage (C:\Users\Pancho\Downloads\Full Stack Dev\BackendCoder\BackEndCoder\entrega-18\node_modules\mongoose\node_modules\mongodb\lib\cmap\connection.js:215:9)
    at MessageStream.<anonymous> (C:\Users\Pancho\Downloads\Full Stack Dev\BackendCoder\BackEndCoder\entrega-18\node_modules\mongoose\node_modules\mongodb\lib\cmap\connection.js:63:60)
    at MessageStream.emit (node:events:527:28)
    at processIncomingData (C:\Users\Pancho\Downloads\Full Stack Dev\BackendCoder\BackEndCoder\entrega-18\node_modules\mongoose\node_modules\mongodb\lib\cmap\message_stream.js:108:16)
    at MessageStream._write (C:\Users\Pancho\Downloads\Full Stack Dev\BackendCoder\BackEndCoder\entrega-18\node_modules\mongoose\node_modules\mongodb\lib\cmap\message_stream.js:28:9)
    at writeOrBuffer (node:internal/streams/writable:390:12)
    at _write (node:internal/streams/writable:331:10) {
  index: 0,
  code: 11000,
  keyPattern: { username: 1 },
  keyValue: { username: 'inaki' },
  [Symbol(errorLabels)]: Set(0) {}
}
[2023-01-10T11:18:54.120] [ERROR] default - Whatsapp Error:  RestException [Error]: A 'To' phone number is required.
    at success (C:\Users\Pancho\Downloads\Full Stack Dev\BackendCoder\BackEndCoder\entrega-18\node_modules\twilio\lib\base\Version.js:135:15)
    at Promise_then_fulfilled (C:\Users\Pancho\Downloads\Full Stack Dev\BackendCoder\BackEndCoder\entrega-18\node_modules\q\q.js:766:44)
    at Promise_done_fulfilled (C:\Users\Pancho\Downloads\Full Stack Dev\BackendCoder\BackEndCoder\entrega-18\node_modules\q\q.js:835:31)
    at Fulfilled.Fulfilled_dispatch [as dispatch] (C:\Users\Pancho\Downloads\Full Stack Dev\BackendCoder\BackEndCoder\entrega-18\node_modules\q\q.js:1229:9)
    at Pending_become_eachMessage_task (C:\Users\Pancho\Downloads\Full Stack Dev\BackendCoder\BackEndCoder\entrega-18\node_modules\q\q.js:1369:30)
    at RawTask.call (C:\Users\Pancho\Downloads\Full Stack Dev\BackendCoder\BackEndCoder\entrega-18\node_modules\asap\asap.js:40:19)
    at flush (C:\Users\Pancho\Downloads\Full Stack Dev\BackendCoder\BackEndCoder\entrega-18\node_modules\asap\raw.js:50:29)
    at process.processTicksAndRejections (node:internal/process/task_queues:77:11) {
  status: 400,
  code: 21604,
  moreInfo: 'https://www.twilio.com/docs/errors/21604',
  details: undefined
}
[2023-01-10T11:19:55.576] [ERROR] default - Whatsapp Error:  RestException [Error]: A 'To' phone number is required.
    at success (C:\Users\Pancho\Downloads\Full Stack Dev\BackendCoder\BackEndCoder\entrega-18\node_modules\twilio\lib\base\Version.js:135:15)
    at Promise_then_fulfilled (C:\Users\Pancho\Downloads\Full Stack Dev\BackendCoder\BackEndCoder\entrega-18\node_modules\q\q.js:766:44)
    at Promise_done_fulfilled (C:\Users\Pancho\Downloads\Full Stack Dev\BackendCoder\BackEndCoder\entrega-18\node_modules\q\q.js:835:31)
    at Fulfilled.Fulfilled_dispatch [as dispatch] (C:\Users\Pancho\Downloads\Full Stack Dev\BackendCoder\BackEndCoder\entrega-18\node_modules\q\q.js:1229:9)
    at Pending_become_eachMessage_task (C:\Users\Pancho\Downloads\Full Stack Dev\BackendCoder\BackEndCoder\entrega-18\node_modules\q\q.js:1369:30)
    at RawTask.call (C:\Users\Pancho\Downloads\Full Stack Dev\BackendCoder\BackEndCoder\entrega-18\node_modules\asap\asap.js:40:19)
    at flush (C:\Users\Pancho\Downloads\Full Stack Dev\BackendCoder\BackEndCoder\entrega-18\node_modules\asap\raw.js:50:29)
    at process.processTicksAndRejections (node:internal/process/task_queues:77:11) {
  status: 400,
  code: 21604,
  moreInfo: 'https://www.twilio.com/docs/errors/21604',
  details: undefined
}
[2023-01-10T11:20:48.474] [ERROR] default - MongoServerError: E11000 duplicate key error collection: test.usuarios index: username_1 dup key: { username: "pancho3" }
    at C:\Users\Pancho\Downloads\Full Stack Dev\BackendCoder\BackEndCoder\entrega-18\node_modules\mongoose\node_modules\mongodb\lib\operations\insert.js:53:33
    at C:\Users\Pancho\Downloads\Full Stack Dev\BackendCoder\BackEndCoder\entrega-18\node_modules\mongoose\node_modules\mongodb\lib\cmap\connection_pool.js:273:25
    at handleOperationResult (C:\Users\Pancho\Downloads\Full Stack Dev\BackendCoder\BackEndCoder\entrega-18\node_modules\mongoose\node_modules\mongodb\lib\sdam\server.js:327:20)
    at Connection.onMessage (C:\Users\Pancho\Downloads\Full Stack Dev\BackendCoder\BackEndCoder\entrega-18\node_modules\mongoose\node_modules\mongodb\lib\cmap\connection.js:215:9)
    at MessageStream.<anonymous> (C:\Users\Pancho\Downloads\Full Stack Dev\BackendCoder\BackEndCoder\entrega-18\node_modules\mongoose\node_modules\mongodb\lib\cmap\connection.js:63:60)
    at MessageStream.emit (node:events:527:28)
    at processIncomingData (C:\Users\Pancho\Downloads\Full Stack Dev\BackendCoder\BackEndCoder\entrega-18\node_modules\mongoose\node_modules\mongodb\lib\cmap\message_stream.js:108:16)
    at MessageStream._write (C:\Users\Pancho\Downloads\Full Stack Dev\BackendCoder\BackEndCoder\entrega-18\node_modules\mongoose\node_modules\mongodb\lib\cmap\message_stream.js:28:9)
    at writeOrBuffer (node:internal/streams/writable:390:12)
    at _write (node:internal/streams/writable:331:10) {
  index: 0,
  code: 11000,
  keyPattern: { username: 1 },
  keyValue: { username: 'pancho3' },
  [Symbol(errorLabels)]: Set(0) {}
}
[2023-01-10T11:21:14.588] [ERROR] default - Whatsapp Error:  RestException [Error]: A 'To' phone number is required.
    at success (C:\Users\Pancho\Downloads\Full Stack Dev\BackendCoder\BackEndCoder\entrega-18\node_modules\twilio\lib\base\Version.js:135:15)
    at Promise_then_fulfilled (C:\Users\Pancho\Downloads\Full Stack Dev\BackendCoder\BackEndCoder\entrega-18\node_modules\q\q.js:766:44)
    at Promise_done_fulfilled (C:\Users\Pancho\Downloads\Full Stack Dev\BackendCoder\BackEndCoder\entrega-18\node_modules\q\q.js:835:31)
    at Fulfilled.Fulfilled_dispatch [as dispatch] (C:\Users\Pancho\Downloads\Full Stack Dev\BackendCoder\BackEndCoder\entrega-18\node_modules\q\q.js:1229:9)
    at Pending_become_eachMessage_task (C:\Users\Pancho\Downloads\Full Stack Dev\BackendCoder\BackEndCoder\entrega-18\node_modules\q\q.js:1369:30)
    at RawTask.call (C:\Users\Pancho\Downloads\Full Stack Dev\BackendCoder\BackEndCoder\entrega-18\node_modules\asap\asap.js:40:19)
    at flush (C:\Users\Pancho\Downloads\Full Stack Dev\BackendCoder\BackEndCoder\entrega-18\node_modules\asap\raw.js:50:29)
    at process.processTicksAndRejections (node:internal/process/task_queues:77:11) {
  status: 400,
  code: 21604,
  moreInfo: 'https://www.twilio.com/docs/errors/21604',
  details: undefined
}
[2023-01-10T12:28:03.437] [ERROR] default - CastError: Cast to ObjectId failed for value "1" (type string) at path "_id" for model "carritos"
    at model.Query.exec (C:\Users\Pancho\Downloads\Full Stack Dev\BackendCoder\BackEndCoder\entrega-18\node_modules\mongoose\lib\query.js:4715:21)
    at Query.then (C:\Users\Pancho\Downloads\Full Stack Dev\BackendCoder\BackEndCoder\entrega-18\node_modules\mongoose\lib\query.js:4814:15)
    at process.processTicksAndRejections (node:internal/process/task_queues:95:5) {
  messageFormat: undefined,
  stringValue: '"1"',
  kind: 'ObjectId',
  value: '1',
  path: '_id',
  reason: BSONTypeError: Argument passed in must be a string of 12 bytes or a string of 24 hex characters or an integer
      at new BSONTypeError (C:\Users\Pancho\Downloads\Full Stack Dev\BackendCoder\BackEndCoder\entrega-18\node_modules\bson\lib\error.js:41:28)
      at new ObjectId (C:\Users\Pancho\Downloads\Full Stack Dev\BackendCoder\BackEndCoder\entrega-18\node_modules\bson\lib\objectid.js:67:23)
      at castObjectId (C:\Users\Pancho\Downloads\Full Stack Dev\BackendCoder\BackEndCoder\entrega-18\node_modules\mongoose\lib\cast\objectid.js:24:12)
      at ObjectId.cast (C:\Users\Pancho\Downloads\Full Stack Dev\BackendCoder\BackEndCoder\entrega-18\node_modules\mongoose\lib\schema\objectid.js:247:12)
      at SchemaType.applySetters (C:\Users\Pancho\Downloads\Full Stack Dev\BackendCoder\BackEndCoder\entrega-18\node_modules\mongoose\lib\schematype.js:1189:12)
      at SchemaType._castForQuery (C:\Users\Pancho\Downloads\Full Stack Dev\BackendCoder\BackEndCoder\entrega-18\node_modules\mongoose\lib\schematype.js:1623:15)
      at SchemaType.castForQuery (C:\Users\Pancho\Downloads\Full Stack Dev\BackendCoder\BackEndCoder\entrega-18\node_modules\mongoose\lib\schematype.js:1613:15)
      at SchemaType.castForQueryWrapper (C:\Users\Pancho\Downloads\Full Stack Dev\BackendCoder\BackEndCoder\entrega-18\node_modules\mongoose\lib\schematype.js:1590:20)
      at cast (C:\Users\Pancho\Downloads\Full Stack Dev\BackendCoder\BackEndCoder\entrega-18\node_modules\mongoose\lib\cast.js:344:32)
      at Query.cast (C:\Users\Pancho\Downloads\Full Stack Dev\BackendCoder\BackEndCoder\entrega-18\node_modules\mongoose\lib\query.js:5137:12),
  valueType: 'string'
}
[2023-01-10T12:28:20.205] [ERROR] default - CastError: Cast to ObjectId failed for value "1" (type string) at path "_id" for model "carritos"
    at model.Query.exec (C:\Users\Pancho\Downloads\Full Stack Dev\BackendCoder\BackEndCoder\entrega-18\node_modules\mongoose\lib\query.js:4715:21)
    at Query.then (C:\Users\Pancho\Downloads\Full Stack Dev\BackendCoder\BackEndCoder\entrega-18\node_modules\mongoose\lib\query.js:4814:15)
    at process.processTicksAndRejections (node:internal/process/task_queues:95:5) {
  messageFormat: undefined,
  stringValue: '"1"',
  kind: 'ObjectId',
  value: '1',
  path: '_id',
  reason: BSONTypeError: Argument passed in must be a string of 12 bytes or a string of 24 hex characters or an integer
      at new BSONTypeError (C:\Users\Pancho\Downloads\Full Stack Dev\BackendCoder\BackEndCoder\entrega-18\node_modules\bson\lib\error.js:41:28)
      at new ObjectId (C:\Users\Pancho\Downloads\Full Stack Dev\BackendCoder\BackEndCoder\entrega-18\node_modules\bson\lib\objectid.js:67:23)
      at castObjectId (C:\Users\Pancho\Downloads\Full Stack Dev\BackendCoder\BackEndCoder\entrega-18\node_modules\mongoose\lib\cast\objectid.js:24:12)
      at ObjectId.cast (C:\Users\Pancho\Downloads\Full Stack Dev\BackendCoder\BackEndCoder\entrega-18\node_modules\mongoose\lib\schema\objectid.js:247:12)
      at SchemaType.applySetters (C:\Users\Pancho\Downloads\Full Stack Dev\BackendCoder\BackEndCoder\entrega-18\node_modules\mongoose\lib\schematype.js:1189:12)
      at SchemaType._castForQuery (C:\Users\Pancho\Downloads\Full Stack Dev\BackendCoder\BackEndCoder\entrega-18\node_modules\mongoose\lib\schematype.js:1623:15)
      at SchemaType.castForQuery (C:\Users\Pancho\Downloads\Full Stack Dev\BackendCoder\BackEndCoder\entrega-18\node_modules\mongoose\lib\schematype.js:1613:15)
      at SchemaType.castForQueryWrapper (C:\Users\Pancho\Downloads\Full Stack Dev\BackendCoder\BackEndCoder\entrega-18\node_modules\mongoose\lib\schematype.js:1590:20)
      at cast (C:\Users\Pancho\Downloads\Full Stack Dev\BackendCoder\BackEndCoder\entrega-18\node_modules\mongoose\lib\cast.js:344:32)
      at Query.cast (C:\Users\Pancho\Downloads\Full Stack Dev\BackendCoder\BackEndCoder\entrega-18\node_modules\mongoose\lib\query.js:5137:12),
  valueType: 'string'
}
[2023-01-10T12:28:30.574] [ERROR] default - CastError: Cast to ObjectId failed for value "id=1" (type string) at path "_id" for model "carritos"
    at model.Query.exec (C:\Users\Pancho\Downloads\Full Stack Dev\BackendCoder\BackEndCoder\entrega-18\node_modules\mongoose\lib\query.js:4715:21)
    at Query.then (C:\Users\Pancho\Downloads\Full Stack Dev\BackendCoder\BackEndCoder\entrega-18\node_modules\mongoose\lib\query.js:4814:15)
    at process.processTicksAndRejections (node:internal/process/task_queues:95:5) {
  messageFormat: undefined,
  stringValue: '"id=1"',
  kind: 'ObjectId',
  value: 'id=1',
  path: '_id',
  reason: BSONTypeError: Argument passed in must be a string of 12 bytes or a string of 24 hex characters or an integer
      at new BSONTypeError (C:\Users\Pancho\Downloads\Full Stack Dev\BackendCoder\BackEndCoder\entrega-18\node_modules\bson\lib\error.js:41:28)
      at new ObjectId (C:\Users\Pancho\Downloads\Full Stack Dev\BackendCoder\BackEndCoder\entrega-18\node_modules\bson\lib\objectid.js:67:23)
      at castObjectId (C:\Users\Pancho\Downloads\Full Stack Dev\BackendCoder\BackEndCoder\entrega-18\node_modules\mongoose\lib\cast\objectid.js:24:12)
      at ObjectId.cast (C:\Users\Pancho\Downloads\Full Stack Dev\BackendCoder\BackEndCoder\entrega-18\node_modules\mongoose\lib\schema\objectid.js:247:12)
      at SchemaType.applySetters (C:\Users\Pancho\Downloads\Full Stack Dev\BackendCoder\BackEndCoder\entrega-18\node_modules\mongoose\lib\schematype.js:1189:12)
      at SchemaType._castForQuery (C:\Users\Pancho\Downloads\Full Stack Dev\BackendCoder\BackEndCoder\entrega-18\node_modules\mongoose\lib\schematype.js:1623:15)
      at SchemaType.castForQuery (C:\Users\Pancho\Downloads\Full Stack Dev\BackendCoder\BackEndCoder\entrega-18\node_modules\mongoose\lib\schematype.js:1613:15)
      at SchemaType.castForQueryWrapper (C:\Users\Pancho\Downloads\Full Stack Dev\BackendCoder\BackEndCoder\entrega-18\node_modules\mongoose\lib\schematype.js:1590:20)
      at cast (C:\Users\Pancho\Downloads\Full Stack Dev\BackendCoder\BackEndCoder\entrega-18\node_modules\mongoose\lib\cast.js:344:32)
      at Query.cast (C:\Users\Pancho\Downloads\Full Stack Dev\BackendCoder\BackEndCoder\entrega-18\node_modules\mongoose\lib\query.js:5137:12),
  valueType: 'string'
}
[2023-01-10T12:29:30.071] [ERROR] default - CastError: Cast to ObjectId failed for value "id=1" (type string) at path "_id" for model "carritos"
    at model.Query.exec (C:\Users\Pancho\Downloads\Full Stack Dev\BackendCoder\BackEndCoder\entrega-18\node_modules\mongoose\lib\query.js:4715:21)
    at Query.then (C:\Users\Pancho\Downloads\Full Stack Dev\BackendCoder\BackEndCoder\entrega-18\node_modules\mongoose\lib\query.js:4814:15)
    at process.processTicksAndRejections (node:internal/process/task_queues:95:5) {
  messageFormat: undefined,
  stringValue: '"id=1"',
  kind: 'ObjectId',
  value: 'id=1',
  path: '_id',
  reason: BSONTypeError: Argument passed in must be a string of 12 bytes or a string of 24 hex characters or an integer
      at new BSONTypeError (C:\Users\Pancho\Downloads\Full Stack Dev\BackendCoder\BackEndCoder\entrega-18\node_modules\bson\lib\error.js:41:28)
      at new ObjectId (C:\Users\Pancho\Downloads\Full Stack Dev\BackendCoder\BackEndCoder\entrega-18\node_modules\bson\lib\objectid.js:67:23)
      at castObjectId (C:\Users\Pancho\Downloads\Full Stack Dev\BackendCoder\BackEndCoder\entrega-18\node_modules\mongoose\lib\cast\objectid.js:24:12)
      at ObjectId.cast (C:\Users\Pancho\Downloads\Full Stack Dev\BackendCoder\BackEndCoder\entrega-18\node_modules\mongoose\lib\schema\objectid.js:247:12)
      at SchemaType.applySetters (C:\Users\Pancho\Downloads\Full Stack Dev\BackendCoder\BackEndCoder\entrega-18\node_modules\mongoose\lib\schematype.js:1189:12)
      at SchemaType._castForQuery (C:\Users\Pancho\Downloads\Full Stack Dev\BackendCoder\BackEndCoder\entrega-18\node_modules\mongoose\lib\schematype.js:1623:15)
      at SchemaType.castForQuery (C:\Users\Pancho\Downloads\Full Stack Dev\BackendCoder\BackEndCoder\entrega-18\node_modules\mongoose\lib\schematype.js:1613:15)
      at SchemaType.castForQueryWrapper (C:\Users\Pancho\Downloads\Full Stack Dev\BackendCoder\BackEndCoder\entrega-18\node_modules\mongoose\lib\schematype.js:1590:20)
      at cast (C:\Users\Pancho\Downloads\Full Stack Dev\BackendCoder\BackEndCoder\entrega-18\node_modules\mongoose\lib\cast.js:344:32)
      at Query.cast (C:\Users\Pancho\Downloads\Full Stack Dev\BackendCoder\BackEndCoder\entrega-18\node_modules\mongoose\lib\query.js:5137:12),
  valueType: 'string'
}
[2023-01-10T12:29:39.156] [ERROR] default - CastError: Cast to ObjectId failed for value "1" (type string) at path "_id" for model "carritos"
    at model.Query.exec (C:\Users\Pancho\Downloads\Full Stack Dev\BackendCoder\BackEndCoder\entrega-18\node_modules\mongoose\lib\query.js:4715:21)
    at Query.then (C:\Users\Pancho\Downloads\Full Stack Dev\BackendCoder\BackEndCoder\entrega-18\node_modules\mongoose\lib\query.js:4814:15)
    at process.processTicksAndRejections (node:internal/process/task_queues:95:5) {
  messageFormat: undefined,
  stringValue: '"1"',
  kind: 'ObjectId',
  value: '1',
  path: '_id',
  reason: BSONTypeError: Argument passed in must be a string of 12 bytes or a string of 24 hex characters or an integer
      at new BSONTypeError (C:\Users\Pancho\Downloads\Full Stack Dev\BackendCoder\BackEndCoder\entrega-18\node_modules\bson\lib\error.js:41:28)
      at new ObjectId (C:\Users\Pancho\Downloads\Full Stack Dev\BackendCoder\BackEndCoder\entrega-18\node_modules\bson\lib\objectid.js:67:23)
      at castObjectId (C:\Users\Pancho\Downloads\Full Stack Dev\BackendCoder\BackEndCoder\entrega-18\node_modules\mongoose\lib\cast\objectid.js:24:12)
      at ObjectId.cast (C:\Users\Pancho\Downloads\Full Stack Dev\BackendCoder\BackEndCoder\entrega-18\node_modules\mongoose\lib\schema\objectid.js:247:12)
      at SchemaType.applySetters (C:\Users\Pancho\Downloads\Full Stack Dev\BackendCoder\BackEndCoder\entrega-18\node_modules\mongoose\lib\schematype.js:1189:12)
      at SchemaType._castForQuery (C:\Users\Pancho\Downloads\Full Stack Dev\BackendCoder\BackEndCoder\entrega-18\node_modules\mongoose\lib\schematype.js:1623:15)
      at SchemaType.castForQuery (C:\Users\Pancho\Downloads\Full Stack Dev\BackendCoder\BackEndCoder\entrega-18\node_modules\mongoose\lib\schematype.js:1613:15)
      at SchemaType.castForQueryWrapper (C:\Users\Pancho\Downloads\Full Stack Dev\BackendCoder\BackEndCoder\entrega-18\node_modules\mongoose\lib\schematype.js:1590:20)
      at cast (C:\Users\Pancho\Downloads\Full Stack Dev\BackendCoder\BackEndCoder\entrega-18\node_modules\mongoose\lib\cast.js:344:32)
      at Query.cast (C:\Users\Pancho\Downloads\Full Stack Dev\BackendCoder\BackEndCoder\entrega-18\node_modules\mongoose\lib\query.js:5137:12),
  valueType: 'string'
}
[2023-01-10T12:29:46.174] [ERROR] default - CastError: Cast to ObjectId failed for value "1" (type string) at path "_id" for model "carritos"
    at model.Query.exec (C:\Users\Pancho\Downloads\Full Stack Dev\BackendCoder\BackEndCoder\entrega-18\node_modules\mongoose\lib\query.js:4715:21)
    at Query.then (C:\Users\Pancho\Downloads\Full Stack Dev\BackendCoder\BackEndCoder\entrega-18\node_modules\mongoose\lib\query.js:4814:15)
    at process.processTicksAndRejections (node:internal/process/task_queues:95:5) {
  messageFormat: undefined,
  stringValue: '"1"',
  kind: 'ObjectId',
  value: '1',
  path: '_id',
  reason: BSONTypeError: Argument passed in must be a string of 12 bytes or a string of 24 hex characters or an integer
      at new BSONTypeError (C:\Users\Pancho\Downloads\Full Stack Dev\BackendCoder\BackEndCoder\entrega-18\node_modules\bson\lib\error.js:41:28)
      at new ObjectId (C:\Users\Pancho\Downloads\Full Stack Dev\BackendCoder\BackEndCoder\entrega-18\node_modules\bson\lib\objectid.js:67:23)
      at castObjectId (C:\Users\Pancho\Downloads\Full Stack Dev\BackendCoder\BackEndCoder\entrega-18\node_modules\mongoose\lib\cast\objectid.js:24:12)
      at ObjectId.cast (C:\Users\Pancho\Downloads\Full Stack Dev\BackendCoder\BackEndCoder\entrega-18\node_modules\mongoose\lib\schema\objectid.js:247:12)
      at SchemaType.applySetters (C:\Users\Pancho\Downloads\Full Stack Dev\BackendCoder\BackEndCoder\entrega-18\node_modules\mongoose\lib\schematype.js:1189:12)
      at SchemaType._castForQuery (C:\Users\Pancho\Downloads\Full Stack Dev\BackendCoder\BackEndCoder\entrega-18\node_modules\mongoose\lib\schematype.js:1623:15)
      at SchemaType.castForQuery (C:\Users\Pancho\Downloads\Full Stack Dev\BackendCoder\BackEndCoder\entrega-18\node_modules\mongoose\lib\schematype.js:1613:15)
      at SchemaType.castForQueryWrapper (C:\Users\Pancho\Downloads\Full Stack Dev\BackendCoder\BackEndCoder\entrega-18\node_modules\mongoose\lib\schematype.js:1590:20)
      at cast (C:\Users\Pancho\Downloads\Full Stack Dev\BackendCoder\BackEndCoder\entrega-18\node_modules\mongoose\lib\cast.js:344:32)
      at Query.cast (C:\Users\Pancho\Downloads\Full Stack Dev\BackendCoder\BackEndCoder\entrega-18\node_modules\mongoose\lib\query.js:5137:12),
  valueType: 'string'
}
[2023-01-10T12:30:15.955] [ERROR] default - CastError: Cast to ObjectId failed for value "id:" (type string) at path "_id" for model "carritos"
    at model.Query.exec (C:\Users\Pancho\Downloads\Full Stack Dev\BackendCoder\BackEndCoder\entrega-18\node_modules\mongoose\lib\query.js:4715:21)
    at Query.then (C:\Users\Pancho\Downloads\Full Stack Dev\BackendCoder\BackEndCoder\entrega-18\node_modules\mongoose\lib\query.js:4814:15)
    at process.processTicksAndRejections (node:internal/process/task_queues:95:5) {
  messageFormat: undefined,
  stringValue: '"id:"',
  kind: 'ObjectId',
  value: 'id:',
  path: '_id',
  reason: BSONTypeError: Argument passed in must be a string of 12 bytes or a string of 24 hex characters or an integer
      at new BSONTypeError (C:\Users\Pancho\Downloads\Full Stack Dev\BackendCoder\BackEndCoder\entrega-18\node_modules\bson\lib\error.js:41:28)
      at new ObjectId (C:\Users\Pancho\Downloads\Full Stack Dev\BackendCoder\BackEndCoder\entrega-18\node_modules\bson\lib\objectid.js:67:23)
      at castObjectId (C:\Users\Pancho\Downloads\Full Stack Dev\BackendCoder\BackEndCoder\entrega-18\node_modules\mongoose\lib\cast\objectid.js:24:12)
      at ObjectId.cast (C:\Users\Pancho\Downloads\Full Stack Dev\BackendCoder\BackEndCoder\entrega-18\node_modules\mongoose\lib\schema\objectid.js:247:12)
      at SchemaType.applySetters (C:\Users\Pancho\Downloads\Full Stack Dev\BackendCoder\BackEndCoder\entrega-18\node_modules\mongoose\lib\schematype.js:1189:12)
      at SchemaType._castForQuery (C:\Users\Pancho\Downloads\Full Stack Dev\BackendCoder\BackEndCoder\entrega-18\node_modules\mongoose\lib\schematype.js:1623:15)
      at SchemaType.castForQuery (C:\Users\Pancho\Downloads\Full Stack Dev\BackendCoder\BackEndCoder\entrega-18\node_modules\mongoose\lib\schematype.js:1613:15)
      at SchemaType.castForQueryWrapper (C:\Users\Pancho\Downloads\Full Stack Dev\BackendCoder\BackEndCoder\entrega-18\node_modules\mongoose\lib\schematype.js:1590:20)
      at cast (C:\Users\Pancho\Downloads\Full Stack Dev\BackendCoder\BackEndCoder\entrega-18\node_modules\mongoose\lib\cast.js:344:32)
      at Query.cast (C:\Users\Pancho\Downloads\Full Stack Dev\BackendCoder\BackEndCoder\entrega-18\node_modules\mongoose\lib\query.js:5137:12),
  valueType: 'string'
}
[2023-01-10T12:31:43.625] [ERROR] default - CastError: Cast to ObjectId failed for value "id:" (type string) at path "_id" for model "carritos"
    at model.Query.exec (C:\Users\Pancho\Downloads\Full Stack Dev\BackendCoder\BackEndCoder\entrega-18\node_modules\mongoose\lib\query.js:4715:21)
    at Query.then (C:\Users\Pancho\Downloads\Full Stack Dev\BackendCoder\BackEndCoder\entrega-18\node_modules\mongoose\lib\query.js:4814:15)
    at process.processTicksAndRejections (node:internal/process/task_queues:95:5) {
  messageFormat: undefined,
  stringValue: '"id:"',
  kind: 'ObjectId',
  value: 'id:',
  path: '_id',
  reason: BSONTypeError: Argument passed in must be a string of 12 bytes or a string of 24 hex characters or an integer
      at new BSONTypeError (C:\Users\Pancho\Downloads\Full Stack Dev\BackendCoder\BackEndCoder\entrega-18\node_modules\bson\lib\error.js:41:28)
      at new ObjectId (C:\Users\Pancho\Downloads\Full Stack Dev\BackendCoder\BackEndCoder\entrega-18\node_modules\bson\lib\objectid.js:67:23)
      at castObjectId (C:\Users\Pancho\Downloads\Full Stack Dev\BackendCoder\BackEndCoder\entrega-18\node_modules\mongoose\lib\cast\objectid.js:24:12)
      at ObjectId.cast (C:\Users\Pancho\Downloads\Full Stack Dev\BackendCoder\BackEndCoder\entrega-18\node_modules\mongoose\lib\schema\objectid.js:247:12)
      at SchemaType.applySetters (C:\Users\Pancho\Downloads\Full Stack Dev\BackendCoder\BackEndCoder\entrega-18\node_modules\mongoose\lib\schematype.js:1189:12)
      at SchemaType._castForQuery (C:\Users\Pancho\Downloads\Full Stack Dev\BackendCoder\BackEndCoder\entrega-18\node_modules\mongoose\lib\schematype.js:1623:15)
      at SchemaType.castForQuery (C:\Users\Pancho\Downloads\Full Stack Dev\BackendCoder\BackEndCoder\entrega-18\node_modules\mongoose\lib\schematype.js:1613:15)
      at SchemaType.castForQueryWrapper (C:\Users\Pancho\Downloads\Full Stack Dev\BackendCoder\BackEndCoder\entrega-18\node_modules\mongoose\lib\schematype.js:1590:20)
      at cast (C:\Users\Pancho\Downloads\Full Stack Dev\BackendCoder\BackEndCoder\entrega-18\node_modules\mongoose\lib\cast.js:344:32)
      at Query.cast (C:\Users\Pancho\Downloads\Full Stack Dev\BackendCoder\BackEndCoder\entrega-18\node_modules\mongoose\lib\query.js:5137:12),
  valueType: 'string'
}
[2023-01-10T12:31:47.699] [ERROR] default - CastError: Cast to ObjectId failed for value "id:" (type string) at path "_id" for model "carritos"
    at model.Query.exec (C:\Users\Pancho\Downloads\Full Stack Dev\BackendCoder\BackEndCoder\entrega-18\node_modules\mongoose\lib\query.js:4715:21)
    at Query.then (C:\Users\Pancho\Downloads\Full Stack Dev\BackendCoder\BackEndCoder\entrega-18\node_modules\mongoose\lib\query.js:4814:15)
    at process.processTicksAndRejections (node:internal/process/task_queues:95:5) {
  messageFormat: undefined,
  stringValue: '"id:"',
  kind: 'ObjectId',
  value: 'id:',
  path: '_id',
  reason: BSONTypeError: Argument passed in must be a string of 12 bytes or a string of 24 hex characters or an integer
      at new BSONTypeError (C:\Users\Pancho\Downloads\Full Stack Dev\BackendCoder\BackEndCoder\entrega-18\node_modules\bson\lib\error.js:41:28)
      at new ObjectId (C:\Users\Pancho\Downloads\Full Stack Dev\BackendCoder\BackEndCoder\entrega-18\node_modules\bson\lib\objectid.js:67:23)
      at castObjectId (C:\Users\Pancho\Downloads\Full Stack Dev\BackendCoder\BackEndCoder\entrega-18\node_modules\mongoose\lib\cast\objectid.js:24:12)
      at ObjectId.cast (C:\Users\Pancho\Downloads\Full Stack Dev\BackendCoder\BackEndCoder\entrega-18\node_modules\mongoose\lib\schema\objectid.js:247:12)
      at SchemaType.applySetters (C:\Users\Pancho\Downloads\Full Stack Dev\BackendCoder\BackEndCoder\entrega-18\node_modules\mongoose\lib\schematype.js:1189:12)
      at SchemaType._castForQuery (C:\Users\Pancho\Downloads\Full Stack Dev\BackendCoder\BackEndCoder\entrega-18\node_modules\mongoose\lib\schematype.js:1623:15)
      at SchemaType.castForQuery (C:\Users\Pancho\Downloads\Full Stack Dev\BackendCoder\BackEndCoder\entrega-18\node_modules\mongoose\lib\schematype.js:1613:15)
      at SchemaType.castForQueryWrapper (C:\Users\Pancho\Downloads\Full Stack Dev\BackendCoder\BackEndCoder\entrega-18\node_modules\mongoose\lib\schematype.js:1590:20)
      at cast (C:\Users\Pancho\Downloads\Full Stack Dev\BackendCoder\BackEndCoder\entrega-18\node_modules\mongoose\lib\cast.js:344:32)
      at Query.cast (C:\Users\Pancho\Downloads\Full Stack Dev\BackendCoder\BackEndCoder\entrega-18\node_modules\mongoose\lib\query.js:5137:12),
  valueType: 'string'
}
[2023-01-10T12:31:48.942] [ERROR] default - CastError: Cast to ObjectId failed for value "id:" (type string) at path "_id" for model "carritos"
    at model.Query.exec (C:\Users\Pancho\Downloads\Full Stack Dev\BackendCoder\BackEndCoder\entrega-18\node_modules\mongoose\lib\query.js:4715:21)
    at Query.then (C:\Users\Pancho\Downloads\Full Stack Dev\BackendCoder\BackEndCoder\entrega-18\node_modules\mongoose\lib\query.js:4814:15)
    at process.processTicksAndRejections (node:internal/process/task_queues:95:5) {
  messageFormat: undefined,
  stringValue: '"id:"',
  kind: 'ObjectId',
  value: 'id:',
  path: '_id',
  reason: BSONTypeError: Argument passed in must be a string of 12 bytes or a string of 24 hex characters or an integer
      at new BSONTypeError (C:\Users\Pancho\Downloads\Full Stack Dev\BackendCoder\BackEndCoder\entrega-18\node_modules\bson\lib\error.js:41:28)
      at new ObjectId (C:\Users\Pancho\Downloads\Full Stack Dev\BackendCoder\BackEndCoder\entrega-18\node_modules\bson\lib\objectid.js:67:23)
      at castObjectId (C:\Users\Pancho\Downloads\Full Stack Dev\BackendCoder\BackEndCoder\entrega-18\node_modules\mongoose\lib\cast\objectid.js:24:12)
      at ObjectId.cast (C:\Users\Pancho\Downloads\Full Stack Dev\BackendCoder\BackEndCoder\entrega-18\node_modules\mongoose\lib\schema\objectid.js:247:12)
      at SchemaType.applySetters (C:\Users\Pancho\Downloads\Full Stack Dev\BackendCoder\BackEndCoder\entrega-18\node_modules\mongoose\lib\schematype.js:1189:12)
      at SchemaType._castForQuery (C:\Users\Pancho\Downloads\Full Stack Dev\BackendCoder\BackEndCoder\entrega-18\node_modules\mongoose\lib\schematype.js:1623:15)
      at SchemaType.castForQuery (C:\Users\Pancho\Downloads\Full Stack Dev\BackendCoder\BackEndCoder\entrega-18\node_modules\mongoose\lib\schematype.js:1613:15)
      at SchemaType.castForQueryWrapper (C:\Users\Pancho\Downloads\Full Stack Dev\BackendCoder\BackEndCoder\entrega-18\node_modules\mongoose\lib\schematype.js:1590:20)
      at cast (C:\Users\Pancho\Downloads\Full Stack Dev\BackendCoder\BackEndCoder\entrega-18\node_modules\mongoose\lib\cast.js:344:32)
      at Query.cast (C:\Users\Pancho\Downloads\Full Stack Dev\BackendCoder\BackEndCoder\entrega-18\node_modules\mongoose\lib\query.js:5137:12),
  valueType: 'string'
}
