[2023-01-23T08:42:14.342] [ERROR] default - Whatsapp Error:  RestException [Error]: The 'To' number whatsapp:undefined is not a valid phone number.
    at success (C:\Users\Pancho\Downloads\Full Stack Dev\ANTERIOR\REPO2\backend-coderhouse-master\Entrega-20\node_modules\twilio\lib\base\Version.js:135:15)
    at Promise_then_fulfilled (C:\Users\Pancho\Downloads\Full Stack Dev\ANTERIOR\REPO2\backend-coderhouse-master\Entrega-20\node_modules\q\q.js:766:44)
    at Promise_done_fulfilled (C:\Users\Pancho\Downloads\Full Stack Dev\ANTERIOR\REPO2\backend-coderhouse-master\Entrega-20\node_modules\q\q.js:835:31)
    at Fulfilled.Fulfilled_dispatch [as dispatch] (C:\Users\Pancho\Downloads\Full Stack Dev\ANTERIOR\REPO2\backend-coderhouse-master\Entrega-20\node_modules\q\q.js:1229:9)
    at Pending_become_eachMessage_task (C:\Users\Pancho\Downloads\Full Stack Dev\ANTERIOR\REPO2\backend-coderhouse-master\Entrega-20\node_modules\q\q.js:1369:30)
    at RawTask.call (C:\Users\Pancho\Downloads\Full Stack Dev\ANTERIOR\REPO2\backend-coderhouse-master\Entrega-20\node_modules\asap\asap.js:40:19)
    at flush (C:\Users\Pancho\Downloads\Full Stack Dev\ANTERIOR\REPO2\backend-coderhouse-master\Entrega-20\node_modules\asap\raw.js:50:29)
    at process.processTicksAndRejections (node:internal/process/task_queues:77:11) {
  status: 400,
  code: 21211,
  moreInfo: 'https://www.twilio.com/docs/errors/21211',
  details: undefined
}
[2023-01-23T10:13:07.063] [ERROR] default - MongoServerError: E11000 duplicate key error collection: test.usuarios index: username_1 dup key: { username: "pancho" }
    at C:\Users\Pancho\Downloads\Full Stack Dev\ANTERIOR\REPO2\backend-coderhouse-master\Entrega-20\node_modules\mongoose\node_modules\mongodb\lib\operations\insert.js:53:33
    at C:\Users\Pancho\Downloads\Full Stack Dev\ANTERIOR\REPO2\backend-coderhouse-master\Entrega-20\node_modules\mongoose\node_modules\mongodb\lib\cmap\connection_pool.js:273:25
    at handleOperationResult (C:\Users\Pancho\Downloads\Full Stack Dev\ANTERIOR\REPO2\backend-coderhouse-master\Entrega-20\node_modules\mongoose\node_modules\mongodb\lib\sdam\server.js:327:20)
    at Connection.onMessage (C:\Users\Pancho\Downloads\Full Stack Dev\ANTERIOR\REPO2\backend-coderhouse-master\Entrega-20\node_modules\mongoose\node_modules\mongodb\lib\cmap\connection.js:215:9)
    at MessageStream.<anonymous> (C:\Users\Pancho\Downloads\Full Stack Dev\ANTERIOR\REPO2\backend-coderhouse-master\Entrega-20\node_modules\mongoose\node_modules\mongodb\lib\cmap\connection.js:63:60)
    at MessageStream.emit (node:events:527:28)
    at processIncomingData (C:\Users\Pancho\Downloads\Full Stack Dev\ANTERIOR\REPO2\backend-coderhouse-master\Entrega-20\node_modules\mongoose\node_modules\mongodb\lib\cmap\message_stream.js:108:16)
    at MessageStream._write (C:\Users\Pancho\Downloads\Full Stack Dev\ANTERIOR\REPO2\backend-coderhouse-master\Entrega-20\node_modules\mongoose\node_modules\mongodb\lib\cmap\message_stream.js:28:9)
    at writeOrBuffer (node:internal/streams/writable:390:12)
    at _write (node:internal/streams/writable:331:10) {
  index: 0,
  code: 11000,
  keyPattern: { username: 1 },
  keyValue: { username: 'pancho' },
  [Symbol(errorLabels)]: Set(0) {}
}
[2023-01-23T10:13:32.687] [ERROR] default - Whatsapp Error:  RestException [Error]: The 'To' number whatsapp:undefined is not a valid phone number.
    at success (C:\Users\Pancho\Downloads\Full Stack Dev\ANTERIOR\REPO2\backend-coderhouse-master\Entrega-20\node_modules\twilio\lib\base\Version.js:135:15)
    at Promise_then_fulfilled (C:\Users\Pancho\Downloads\Full Stack Dev\ANTERIOR\REPO2\backend-coderhouse-master\Entrega-20\node_modules\q\q.js:766:44)
    at Promise_done_fulfilled (C:\Users\Pancho\Downloads\Full Stack Dev\ANTERIOR\REPO2\backend-coderhouse-master\Entrega-20\node_modules\q\q.js:835:31)
    at Fulfilled.Fulfilled_dispatch [as dispatch] (C:\Users\Pancho\Downloads\Full Stack Dev\ANTERIOR\REPO2\backend-coderhouse-master\Entrega-20\node_modules\q\q.js:1229:9)
    at Pending_become_eachMessage_task (C:\Users\Pancho\Downloads\Full Stack Dev\ANTERIOR\REPO2\backend-coderhouse-master\Entrega-20\node_modules\q\q.js:1369:30)
    at RawTask.call (C:\Users\Pancho\Downloads\Full Stack Dev\ANTERIOR\REPO2\backend-coderhouse-master\Entrega-20\node_modules\asap\asap.js:40:19)
    at flush (C:\Users\Pancho\Downloads\Full Stack Dev\ANTERIOR\REPO2\backend-coderhouse-master\Entrega-20\node_modules\asap\raw.js:50:29)
    at process.processTicksAndRejections (node:internal/process/task_queues:77:11) {
  status: 400,
  code: 21211,
  moreInfo: 'https://www.twilio.com/docs/errors/21211',
  details: undefined
}
[2023-01-23T10:15:40.025] [ERROR] default - MongoServerError: E11000 duplicate key error collection: test.usuarios index: username_1 dup key: { username: "pancho22558" }
    at C:\Users\Pancho\Downloads\Full Stack Dev\ANTERIOR\REPO2\backend-coderhouse-master\Entrega-20\node_modules\mongoose\node_modules\mongodb\lib\operations\insert.js:53:33
    at C:\Users\Pancho\Downloads\Full Stack Dev\ANTERIOR\REPO2\backend-coderhouse-master\Entrega-20\node_modules\mongoose\node_modules\mongodb\lib\cmap\connection_pool.js:273:25
    at handleOperationResult (C:\Users\Pancho\Downloads\Full Stack Dev\ANTERIOR\REPO2\backend-coderhouse-master\Entrega-20\node_modules\mongoose\node_modules\mongodb\lib\sdam\server.js:327:20)
    at Connection.onMessage (C:\Users\Pancho\Downloads\Full Stack Dev\ANTERIOR\REPO2\backend-coderhouse-master\Entrega-20\node_modules\mongoose\node_modules\mongodb\lib\cmap\connection.js:215:9)
    at MessageStream.<anonymous> (C:\Users\Pancho\Downloads\Full Stack Dev\ANTERIOR\REPO2\backend-coderhouse-master\Entrega-20\node_modules\mongoose\node_modules\mongodb\lib\cmap\connection.js:63:60)
    at MessageStream.emit (node:events:527:28)
    at processIncomingData (C:\Users\Pancho\Downloads\Full Stack Dev\ANTERIOR\REPO2\backend-coderhouse-master\Entrega-20\node_modules\mongoose\node_modules\mongodb\lib\cmap\message_stream.js:108:16)
    at MessageStream._write (C:\Users\Pancho\Downloads\Full Stack Dev\ANTERIOR\REPO2\backend-coderhouse-master\Entrega-20\node_modules\mongoose\node_modules\mongodb\lib\cmap\message_stream.js:28:9)
    at writeOrBuffer (node:internal/streams/writable:390:12)
    at _write (node:internal/streams/writable:331:10) {
  index: 0,
  code: 11000,
  keyPattern: { username: 1 },
  keyValue: { username: 'pancho22558' },
  [Symbol(errorLabels)]: Set(0) {}
}
[2023-01-23T10:15:43.893] [ERROR] default - Whatsapp Error:  RestException [Error]: The 'To' number whatsapp:undefined is not a valid phone number.
    at success (C:\Users\Pancho\Downloads\Full Stack Dev\ANTERIOR\REPO2\backend-coderhouse-master\Entrega-20\node_modules\twilio\lib\base\Version.js:135:15)
    at Promise_then_fulfilled (C:\Users\Pancho\Downloads\Full Stack Dev\ANTERIOR\REPO2\backend-coderhouse-master\Entrega-20\node_modules\q\q.js:766:44)
    at Promise_done_fulfilled (C:\Users\Pancho\Downloads\Full Stack Dev\ANTERIOR\REPO2\backend-coderhouse-master\Entrega-20\node_modules\q\q.js:835:31)
    at Fulfilled.Fulfilled_dispatch [as dispatch] (C:\Users\Pancho\Downloads\Full Stack Dev\ANTERIOR\REPO2\backend-coderhouse-master\Entrega-20\node_modules\q\q.js:1229:9)
    at Pending_become_eachMessage_task (C:\Users\Pancho\Downloads\Full Stack Dev\ANTERIOR\REPO2\backend-coderhouse-master\Entrega-20\node_modules\q\q.js:1369:30)
    at RawTask.call (C:\Users\Pancho\Downloads\Full Stack Dev\ANTERIOR\REPO2\backend-coderhouse-master\Entrega-20\node_modules\asap\asap.js:40:19)
    at flush (C:\Users\Pancho\Downloads\Full Stack Dev\ANTERIOR\REPO2\backend-coderhouse-master\Entrega-20\node_modules\asap\raw.js:50:29)
    at process.processTicksAndRejections (node:internal/process/task_queues:77:11) {
  status: 400,
  code: 21211,
  moreInfo: 'https://www.twilio.com/docs/errors/21211',
  details: undefined
}
[2023-01-23T11:14:29.810] [ERROR] default - Whatsapp Error:  RestException [Error]: Authenticate
    at success (C:\Users\Pancho\Downloads\Full Stack Dev\BackendCoder\BackEndCoder\entrega-20\node_modules\twilio\lib\base\Version.js:135:15)
    at Promise_then_fulfilled (C:\Users\Pancho\Downloads\Full Stack Dev\BackendCoder\BackEndCoder\entrega-20\node_modules\q\q.js:766:44)
    at Promise_done_fulfilled (C:\Users\Pancho\Downloads\Full Stack Dev\BackendCoder\BackEndCoder\entrega-20\node_modules\q\q.js:835:31)
    at Fulfilled.Fulfilled_dispatch [as dispatch] (C:\Users\Pancho\Downloads\Full Stack Dev\BackendCoder\BackEndCoder\entrega-20\node_modules\q\q.js:1229:9)
    at Pending_become_eachMessage_task (C:\Users\Pancho\Downloads\Full Stack Dev\BackendCoder\BackEndCoder\entrega-20\node_modules\q\q.js:1369:30)
    at RawTask.call (C:\Users\Pancho\Downloads\Full Stack Dev\BackendCoder\BackEndCoder\entrega-20\node_modules\asap\asap.js:40:19)
    at flush (C:\Users\Pancho\Downloads\Full Stack Dev\BackendCoder\BackEndCoder\entrega-20\node_modules\asap\raw.js:50:29)
    at process.processTicksAndRejections (node:internal/process/task_queues:77:11) {
  status: 401,
  code: 20003,
  moreInfo: 'https://www.twilio.com/docs/errors/20003',
  details: undefined
}
[2023-01-23T11:14:30.430] [ERROR] default - Whatsapp Error:  RestException [Error]: Authenticate
    at success (C:\Users\Pancho\Downloads\Full Stack Dev\BackendCoder\BackEndCoder\entrega-20\node_modules\twilio\lib\base\Version.js:135:15)
    at Promise_then_fulfilled (C:\Users\Pancho\Downloads\Full Stack Dev\BackendCoder\BackEndCoder\entrega-20\node_modules\q\q.js:766:44)
    at Promise_done_fulfilled (C:\Users\Pancho\Downloads\Full Stack Dev\BackendCoder\BackEndCoder\entrega-20\node_modules\q\q.js:835:31)
    at Fulfilled.Fulfilled_dispatch [as dispatch] (C:\Users\Pancho\Downloads\Full Stack Dev\BackendCoder\BackEndCoder\entrega-20\node_modules\q\q.js:1229:9)
    at Pending_become_eachMessage_task (C:\Users\Pancho\Downloads\Full Stack Dev\BackendCoder\BackEndCoder\entrega-20\node_modules\q\q.js:1369:30)
    at RawTask.call (C:\Users\Pancho\Downloads\Full Stack Dev\BackendCoder\BackEndCoder\entrega-20\node_modules\asap\asap.js:40:19)
    at flush (C:\Users\Pancho\Downloads\Full Stack Dev\BackendCoder\BackEndCoder\entrega-20\node_modules\asap\raw.js:50:29)
    at process.processTicksAndRejections (node:internal/process/task_queues:77:11) {
  status: 401,
  code: 20003,
  moreInfo: 'https://www.twilio.com/docs/errors/20003',
  details: undefined
}
[2023-01-23T11:23:44.166] [ERROR] default - Whatsapp Error:  RestException [Error]: Authenticate
    at success (C:\Users\Pancho\Downloads\Full Stack Dev\BackendCoder\BackEndCoder\entrega-20\node_modules\twilio\lib\base\Version.js:135:15)
    at Promise_then_fulfilled (C:\Users\Pancho\Downloads\Full Stack Dev\BackendCoder\BackEndCoder\entrega-20\node_modules\q\q.js:766:44)
    at Promise_done_fulfilled (C:\Users\Pancho\Downloads\Full Stack Dev\BackendCoder\BackEndCoder\entrega-20\node_modules\q\q.js:835:31)
    at Fulfilled.Fulfilled_dispatch [as dispatch] (C:\Users\Pancho\Downloads\Full Stack Dev\BackendCoder\BackEndCoder\entrega-20\node_modules\q\q.js:1229:9)
    at Pending_become_eachMessage_task (C:\Users\Pancho\Downloads\Full Stack Dev\BackendCoder\BackEndCoder\entrega-20\node_modules\q\q.js:1369:30)
    at RawTask.call (C:\Users\Pancho\Downloads\Full Stack Dev\BackendCoder\BackEndCoder\entrega-20\node_modules\asap\asap.js:40:19)
    at flush (C:\Users\Pancho\Downloads\Full Stack Dev\BackendCoder\BackEndCoder\entrega-20\node_modules\asap\raw.js:50:29)
    at process.processTicksAndRejections (node:internal/process/task_queues:77:11) {
  status: 401,
  code: 20003,
  moreInfo: 'https://www.twilio.com/docs/errors/20003',
  details: undefined
}
[2023-01-23T11:23:44.764] [ERROR] default - Whatsapp Error:  RestException [Error]: Authenticate
    at success (C:\Users\Pancho\Downloads\Full Stack Dev\BackendCoder\BackEndCoder\entrega-20\node_modules\twilio\lib\base\Version.js:135:15)
    at Promise_then_fulfilled (C:\Users\Pancho\Downloads\Full Stack Dev\BackendCoder\BackEndCoder\entrega-20\node_modules\q\q.js:766:44)
    at Promise_done_fulfilled (C:\Users\Pancho\Downloads\Full Stack Dev\BackendCoder\BackEndCoder\entrega-20\node_modules\q\q.js:835:31)
    at Fulfilled.Fulfilled_dispatch [as dispatch] (C:\Users\Pancho\Downloads\Full Stack Dev\BackendCoder\BackEndCoder\entrega-20\node_modules\q\q.js:1229:9)
    at Pending_become_eachMessage_task (C:\Users\Pancho\Downloads\Full Stack Dev\BackendCoder\BackEndCoder\entrega-20\node_modules\q\q.js:1369:30)
    at RawTask.call (C:\Users\Pancho\Downloads\Full Stack Dev\BackendCoder\BackEndCoder\entrega-20\node_modules\asap\asap.js:40:19)
    at flush (C:\Users\Pancho\Downloads\Full Stack Dev\BackendCoder\BackEndCoder\entrega-20\node_modules\asap\raw.js:50:29)
    at process.processTicksAndRejections (node:internal/process/task_queues:77:11) {
  status: 401,
  code: 20003,
  moreInfo: 'https://www.twilio.com/docs/errors/20003',
  details: undefined
}
[2023-01-24T09:34:00.116] [ERROR] default - Whatsapp Error:  RestException [Error]: Authenticate
    at success (C:\Users\Pancho\Downloads\Full Stack Dev\BackendCoder\BackEndCoder\entrega-20\node_modules\twilio\lib\base\Version.js:135:15)
    at Promise_then_fulfilled (C:\Users\Pancho\Downloads\Full Stack Dev\BackendCoder\BackEndCoder\entrega-20\node_modules\q\q.js:766:44)
    at Promise_done_fulfilled (C:\Users\Pancho\Downloads\Full Stack Dev\BackendCoder\BackEndCoder\entrega-20\node_modules\q\q.js:835:31)
    at Fulfilled.Fulfilled_dispatch [as dispatch] (C:\Users\Pancho\Downloads\Full Stack Dev\BackendCoder\BackEndCoder\entrega-20\node_modules\q\q.js:1229:9)
    at Pending_become_eachMessage_task (C:\Users\Pancho\Downloads\Full Stack Dev\BackendCoder\BackEndCoder\entrega-20\node_modules\q\q.js:1369:30)
    at RawTask.call (C:\Users\Pancho\Downloads\Full Stack Dev\BackendCoder\BackEndCoder\entrega-20\node_modules\asap\asap.js:40:19)
    at flush (C:\Users\Pancho\Downloads\Full Stack Dev\BackendCoder\BackEndCoder\entrega-20\node_modules\asap\raw.js:50:29)
    at process.processTicksAndRejections (node:internal/process/task_queues:77:11) {
  status: 401,
  code: 20003,
  moreInfo: 'https://www.twilio.com/docs/errors/20003',
  details: undefined
}
[2023-01-24T09:34:00.724] [ERROR] default - Whatsapp Error:  RestException [Error]: Authenticate
    at success (C:\Users\Pancho\Downloads\Full Stack Dev\BackendCoder\BackEndCoder\entrega-20\node_modules\twilio\lib\base\Version.js:135:15)
    at Promise_then_fulfilled (C:\Users\Pancho\Downloads\Full Stack Dev\BackendCoder\BackEndCoder\entrega-20\node_modules\q\q.js:766:44)
    at Promise_done_fulfilled (C:\Users\Pancho\Downloads\Full Stack Dev\BackendCoder\BackEndCoder\entrega-20\node_modules\q\q.js:835:31)
    at Fulfilled.Fulfilled_dispatch [as dispatch] (C:\Users\Pancho\Downloads\Full Stack Dev\BackendCoder\BackEndCoder\entrega-20\node_modules\q\q.js:1229:9)
    at Pending_become_eachMessage_task (C:\Users\Pancho\Downloads\Full Stack Dev\BackendCoder\BackEndCoder\entrega-20\node_modules\q\q.js:1369:30)
    at RawTask.call (C:\Users\Pancho\Downloads\Full Stack Dev\BackendCoder\BackEndCoder\entrega-20\node_modules\asap\asap.js:40:19)
    at flush (C:\Users\Pancho\Downloads\Full Stack Dev\BackendCoder\BackEndCoder\entrega-20\node_modules\asap\raw.js:50:29)
    at process.processTicksAndRejections (node:internal/process/task_queues:77:11) {
  status: 401,
  code: 20003,
  moreInfo: 'https://www.twilio.com/docs/errors/20003',
  details: undefined
}
[2023-01-24T09:36:09.597] [ERROR] default - Whatsapp Error:  RestException [Error]: Authenticate
    at success (C:\Users\Pancho\Downloads\Full Stack Dev\BackendCoder\BackEndCoder\entrega-20\node_modules\twilio\lib\base\Version.js:135:15)
    at Promise_then_fulfilled (C:\Users\Pancho\Downloads\Full Stack Dev\BackendCoder\BackEndCoder\entrega-20\node_modules\q\q.js:766:44)
    at Promise_done_fulfilled (C:\Users\Pancho\Downloads\Full Stack Dev\BackendCoder\BackEndCoder\entrega-20\node_modules\q\q.js:835:31)
    at Fulfilled.Fulfilled_dispatch [as dispatch] (C:\Users\Pancho\Downloads\Full Stack Dev\BackendCoder\BackEndCoder\entrega-20\node_modules\q\q.js:1229:9)
    at Pending_become_eachMessage_task (C:\Users\Pancho\Downloads\Full Stack Dev\BackendCoder\BackEndCoder\entrega-20\node_modules\q\q.js:1369:30)
    at RawTask.call (C:\Users\Pancho\Downloads\Full Stack Dev\BackendCoder\BackEndCoder\entrega-20\node_modules\asap\asap.js:40:19)
    at flush (C:\Users\Pancho\Downloads\Full Stack Dev\BackendCoder\BackEndCoder\entrega-20\node_modules\asap\raw.js:50:29)
    at process.processTicksAndRejections (node:internal/process/task_queues:77:11) {
  status: 401,
  code: 20003,
  moreInfo: 'https://www.twilio.com/docs/errors/20003',
  details: undefined
}
[2023-01-24T09:36:10.331] [ERROR] default - Whatsapp Error:  RestException [Error]: Authenticate
    at success (C:\Users\Pancho\Downloads\Full Stack Dev\BackendCoder\BackEndCoder\entrega-20\node_modules\twilio\lib\base\Version.js:135:15)
    at Promise_then_fulfilled (C:\Users\Pancho\Downloads\Full Stack Dev\BackendCoder\BackEndCoder\entrega-20\node_modules\q\q.js:766:44)
    at Promise_done_fulfilled (C:\Users\Pancho\Downloads\Full Stack Dev\BackendCoder\BackEndCoder\entrega-20\node_modules\q\q.js:835:31)
    at Fulfilled.Fulfilled_dispatch [as dispatch] (C:\Users\Pancho\Downloads\Full Stack Dev\BackendCoder\BackEndCoder\entrega-20\node_modules\q\q.js:1229:9)
    at Pending_become_eachMessage_task (C:\Users\Pancho\Downloads\Full Stack Dev\BackendCoder\BackEndCoder\entrega-20\node_modules\q\q.js:1369:30)
    at RawTask.call (C:\Users\Pancho\Downloads\Full Stack Dev\BackendCoder\BackEndCoder\entrega-20\node_modules\asap\asap.js:40:19)
    at flush (C:\Users\Pancho\Downloads\Full Stack Dev\BackendCoder\BackEndCoder\entrega-20\node_modules\asap\raw.js:50:29)
    at process.processTicksAndRejections (node:internal/process/task_queues:77:11) {
  status: 401,
  code: 20003,
  moreInfo: 'https://www.twilio.com/docs/errors/20003',
  details: undefined
}
[2023-01-29T22:01:42.388] [ERROR] default - CastError: Cast to ObjectId failed for value "non-existent-id" (type string) at path "_id" for model "productos"
    at model.Query.exec (C:\Users\Pancho\Downloads\Full Stack Dev\BackendCoder\BackEndCoder\entrega-21\node_modules\mongoose\lib\query.js:4715:21)
    at Query.then (C:\Users\Pancho\Downloads\Full Stack Dev\BackendCoder\BackEndCoder\entrega-21\node_modules\mongoose\lib\query.js:4814:15) {
  messageFormat: undefined,
  stringValue: '"non-existent-id"',
  kind: 'ObjectId',
  value: 'non-existent-id',
  path: '_id',
  reason: BSONTypeError: Argument passed in must be a string of 12 bytes or a string of 24 hex characters or an integer
      at new BSONTypeError (C:\Users\Pancho\Downloads\Full Stack Dev\BackendCoder\BackEndCoder\entrega-21\node_modules\bson\lib\error.js:41:28)
      at new ObjectId (C:\Users\Pancho\Downloads\Full Stack Dev\BackendCoder\BackEndCoder\entrega-21\node_modules\bson\lib\objectid.js:67:23)
      at castObjectId (C:\Users\Pancho\Downloads\Full Stack Dev\BackendCoder\BackEndCoder\entrega-21\node_modules\mongoose\lib\cast\objectid.js:24:12)
      at ObjectId.cast (C:\Users\Pancho\Downloads\Full Stack Dev\BackendCoder\BackEndCoder\entrega-21\node_modules\mongoose\lib\schema\objectid.js:247:12)
      at SchemaType.applySetters (C:\Users\Pancho\Downloads\Full Stack Dev\BackendCoder\BackEndCoder\entrega-21\node_modules\mongoose\lib\schematype.js:1189:12)
      at SchemaType._castForQuery (C:\Users\Pancho\Downloads\Full Stack Dev\BackendCoder\BackEndCoder\entrega-21\node_modules\mongoose\lib\schematype.js:1623:15)
      at SchemaType.castForQuery (C:\Users\Pancho\Downloads\Full Stack Dev\BackendCoder\BackEndCoder\entrega-21\node_modules\mongoose\lib\schematype.js:1613:15)
      at SchemaType.castForQueryWrapper (C:\Users\Pancho\Downloads\Full Stack Dev\BackendCoder\BackEndCoder\entrega-21\node_modules\mongoose\lib\schematype.js:1590:20)
      at cast (C:\Users\Pancho\Downloads\Full Stack Dev\BackendCoder\BackEndCoder\entrega-21\node_modules\mongoose\lib\cast.js:344:32)
      at Query.cast (C:\Users\Pancho\Downloads\Full Stack Dev\BackendCoder\BackEndCoder\entrega-21\node_modules\mongoose\lib\query.js:5137:12),
  valueType: 'string'
}
[2023-01-29T22:02:54.884] [ERROR] default - CastError: Cast to ObjectId failed for value "non-existent-id" (type string) at path "_id" for model "productos"
    at model.Query.exec (C:\Users\Pancho\Downloads\Full Stack Dev\BackendCoder\BackEndCoder\entrega-21\node_modules\mongoose\lib\query.js:4715:21)
    at Query.then (C:\Users\Pancho\Downloads\Full Stack Dev\BackendCoder\BackEndCoder\entrega-21\node_modules\mongoose\lib\query.js:4814:15) {
  messageFormat: undefined,
  stringValue: '"non-existent-id"',
  kind: 'ObjectId',
  value: 'non-existent-id',
  path: '_id',
  reason: BSONTypeError: Argument passed in must be a string of 12 bytes or a string of 24 hex characters or an integer
      at new BSONTypeError (C:\Users\Pancho\Downloads\Full Stack Dev\BackendCoder\BackEndCoder\entrega-21\node_modules\bson\lib\error.js:41:28)
      at new ObjectId (C:\Users\Pancho\Downloads\Full Stack Dev\BackendCoder\BackEndCoder\entrega-21\node_modules\bson\lib\objectid.js:67:23)
      at castObjectId (C:\Users\Pancho\Downloads\Full Stack Dev\BackendCoder\BackEndCoder\entrega-21\node_modules\mongoose\lib\cast\objectid.js:24:12)
      at ObjectId.cast (C:\Users\Pancho\Downloads\Full Stack Dev\BackendCoder\BackEndCoder\entrega-21\node_modules\mongoose\lib\schema\objectid.js:247:12)
      at SchemaType.applySetters (C:\Users\Pancho\Downloads\Full Stack Dev\BackendCoder\BackEndCoder\entrega-21\node_modules\mongoose\lib\schematype.js:1189:12)
      at SchemaType._castForQuery (C:\Users\Pancho\Downloads\Full Stack Dev\BackendCoder\BackEndCoder\entrega-21\node_modules\mongoose\lib\schematype.js:1623:15)
      at SchemaType.castForQuery (C:\Users\Pancho\Downloads\Full Stack Dev\BackendCoder\BackEndCoder\entrega-21\node_modules\mongoose\lib\schematype.js:1613:15)
      at SchemaType.castForQueryWrapper (C:\Users\Pancho\Downloads\Full Stack Dev\BackendCoder\BackEndCoder\entrega-21\node_modules\mongoose\lib\schematype.js:1590:20)
      at cast (C:\Users\Pancho\Downloads\Full Stack Dev\BackendCoder\BackEndCoder\entrega-21\node_modules\mongoose\lib\cast.js:344:32)
      at Query.cast (C:\Users\Pancho\Downloads\Full Stack Dev\BackendCoder\BackEndCoder\entrega-21\node_modules\mongoose\lib\query.js:5137:12),
  valueType: 'string'
}
[2023-01-29T23:23:32.505] [ERROR] default - Error: listen EADDRINUSE: address already in use :::8080
    at Server.setupListenHandle [as _listen2] (node:net:1380:16)
    at listenInCluster (node:net:1428:12)
    at Server.listen (node:net:1516:7)
    at Function.listen (C:\Users\Pancho\Downloads\Full Stack Dev\BackendCoder\BackEndCoder\entrega-21\node_modules\express\lib\application.js:618:24)
    at file:///C:/Users/Pancho/Downloads/Full%20Stack%20Dev/BackendCoder/BackEndCoder/entrega-21/src/server.js:85:20
    at ModuleJob.run (node:internal/modules/esm/module_job:198:25)
    at async Promise.all (index 0)
    at async ESMLoader.import (node:internal/modules/esm/loader:409:24)
    at async importModuleDynamicallyWrapper (node:internal/vm/module:435:15)
    at async formattedImport (C:\Users\Pancho\Downloads\Full Stack Dev\BackendCoder\BackEndCoder\entrega-21\node_modules\mocha\lib\nodejs\esm-utils.js:9:14)
    at async exports.requireOrImport (C:\Users\Pancho\Downloads\Full Stack Dev\BackendCoder\BackEndCoder\entrega-21\node_modules\mocha\lib\nodejs\esm-utils.js:42:28)
    at async exports.loadFilesAsync (C:\Users\Pancho\Downloads\Full Stack Dev\BackendCoder\BackEndCoder\entrega-21\node_modules\mocha\lib\nodejs\esm-utils.js:100:20)
    at async singleRun (C:\Users\Pancho\Downloads\Full Stack Dev\BackendCoder\BackEndCoder\entrega-21\node_modules\mocha\lib\cli\run-helpers.js:125:3)
    at async exports.handler (C:\Users\Pancho\Downloads\Full Stack Dev\BackendCoder\BackEndCoder\entrega-21\node_modules\mocha\lib\cli\run.js:370:5) {
  code: 'EADDRINUSE',
  errno: -4091,
  syscall: 'listen',
  address: '::',
  port: 8080
}
[2023-01-29T23:25:35.088] [ERROR] default - Error: listen EADDRINUSE: address already in use :::8080
    at Server.setupListenHandle [as _listen2] (node:net:1380:16)
    at listenInCluster (node:net:1428:12)
    at Server.listen (node:net:1516:7)
    at Function.listen (C:\Users\Pancho\Downloads\Full Stack Dev\BackendCoder\BackEndCoder\entrega-21\node_modules\express\lib\application.js:618:24)
    at file:///C:/Users/Pancho/Downloads/Full%20Stack%20Dev/BackendCoder/BackEndCoder/entrega-21/src/server.js:85:20
    at ModuleJob.run (node:internal/modules/esm/module_job:198:25)
    at async Promise.all (index 0)
    at async ESMLoader.import (node:internal/modules/esm/loader:409:24)
    at async loadESM (node:internal/process/esm_loader:85:5)
    at async handleMainPromise (node:internal/modules/run_main:61:12) {
  code: 'EADDRINUSE',
  errno: -4091,
  syscall: 'listen',
  address: '::',
  port: 8080
}
[2023-01-29T23:32:20.725] [ERROR] default - CastError: Cast to ObjectId failed for value ":id" (type string) at path "_id" for model "productos"
    at model.Query.exec (C:\Users\Pancho\Downloads\Full Stack Dev\BackendCoder\BackEndCoder\entrega-21\node_modules\mongoose\lib\query.js:4715:21)
    at Query.then (C:\Users\Pancho\Downloads\Full Stack Dev\BackendCoder\BackEndCoder\entrega-21\node_modules\mongoose\lib\query.js:4814:15) {
  messageFormat: undefined,
  stringValue: '":id"',
  kind: 'ObjectId',
  value: ':id',
  path: '_id',
  reason: BSONTypeError: Argument passed in must be a string of 12 bytes or a string of 24 hex characters or an integer
      at new BSONTypeError (C:\Users\Pancho\Downloads\Full Stack Dev\BackendCoder\BackEndCoder\entrega-21\node_modules\bson\lib\error.js:41:28)
      at new ObjectId (C:\Users\Pancho\Downloads\Full Stack Dev\BackendCoder\BackEndCoder\entrega-21\node_modules\bson\lib\objectid.js:67:23)
      at castObjectId (C:\Users\Pancho\Downloads\Full Stack Dev\BackendCoder\BackEndCoder\entrega-21\node_modules\mongoose\lib\cast\objectid.js:24:12)
      at ObjectId.cast (C:\Users\Pancho\Downloads\Full Stack Dev\BackendCoder\BackEndCoder\entrega-21\node_modules\mongoose\lib\schema\objectid.js:247:12)
      at SchemaType.applySetters (C:\Users\Pancho\Downloads\Full Stack Dev\BackendCoder\BackEndCoder\entrega-21\node_modules\mongoose\lib\schematype.js:1189:12)
      at SchemaType._castForQuery (C:\Users\Pancho\Downloads\Full Stack Dev\BackendCoder\BackEndCoder\entrega-21\node_modules\mongoose\lib\schematype.js:1623:15)
      at SchemaType.castForQuery (C:\Users\Pancho\Downloads\Full Stack Dev\BackendCoder\BackEndCoder\entrega-21\node_modules\mongoose\lib\schematype.js:1613:15)
      at SchemaType.castForQueryWrapper (C:\Users\Pancho\Downloads\Full Stack Dev\BackendCoder\BackEndCoder\entrega-21\node_modules\mongoose\lib\schematype.js:1590:20)
      at cast (C:\Users\Pancho\Downloads\Full Stack Dev\BackendCoder\BackEndCoder\entrega-21\node_modules\mongoose\lib\cast.js:344:32)
      at Query.cast (C:\Users\Pancho\Downloads\Full Stack Dev\BackendCoder\BackEndCoder\entrega-21\node_modules\mongoose\lib\query.js:5137:12)
      at Query._castConditions (C:\Users\Pancho\Downloads\Full Stack Dev\BackendCoder\BackEndCoder\entrega-21\node_modules\mongoose\lib\query.js:2168:10)
      at model.Query.<anonymous> (C:\Users\Pancho\Downloads\Full Stack Dev\BackendCoder\BackEndCoder\entrega-21\node_modules\mongoose\lib\query.js:2462:8)
      at model.Query._wrappedThunk [as _findOne] (C:\Users\Pancho\Downloads\Full Stack Dev\BackendCoder\BackEndCoder\entrega-21\node_modules\mongoose\lib\helpers\query\wrapThunk.js:27:8)
      at C:\Users\Pancho\Downloads\Full Stack Dev\BackendCoder\BackEndCoder\entrega-21\node_modules\kareem\index.js:367:25
      at process.processTicksAndRejections (node:internal/process/task_queues:77:11),
  valueType: 'string'
}
[2023-01-29T23:33:23.786] [ERROR] default - CastError: Cast to ObjectId failed for value ":id" (type string) at path "_id" for model "productos"
    at model.Query.exec (C:\Users\Pancho\Downloads\Full Stack Dev\BackendCoder\BackEndCoder\entrega-21\node_modules\mongoose\lib\query.js:4715:21)
    at Query.then (C:\Users\Pancho\Downloads\Full Stack Dev\BackendCoder\BackEndCoder\entrega-21\node_modules\mongoose\lib\query.js:4814:15) {
  messageFormat: undefined,
  stringValue: '":id"',
  kind: 'ObjectId',
  value: ':id',
  path: '_id',
  reason: BSONTypeError: Argument passed in must be a string of 12 bytes or a string of 24 hex characters or an integer
      at new BSONTypeError (C:\Users\Pancho\Downloads\Full Stack Dev\BackendCoder\BackEndCoder\entrega-21\node_modules\bson\lib\error.js:41:28)
      at new ObjectId (C:\Users\Pancho\Downloads\Full Stack Dev\BackendCoder\BackEndCoder\entrega-21\node_modules\bson\lib\objectid.js:67:23)
      at castObjectId (C:\Users\Pancho\Downloads\Full Stack Dev\BackendCoder\BackEndCoder\entrega-21\node_modules\mongoose\lib\cast\objectid.js:24:12)
      at ObjectId.cast (C:\Users\Pancho\Downloads\Full Stack Dev\BackendCoder\BackEndCoder\entrega-21\node_modules\mongoose\lib\schema\objectid.js:247:12)
      at SchemaType.applySetters (C:\Users\Pancho\Downloads\Full Stack Dev\BackendCoder\BackEndCoder\entrega-21\node_modules\mongoose\lib\schematype.js:1189:12)
      at SchemaType._castForQuery (C:\Users\Pancho\Downloads\Full Stack Dev\BackendCoder\BackEndCoder\entrega-21\node_modules\mongoose\lib\schematype.js:1623:15)
      at SchemaType.castForQuery (C:\Users\Pancho\Downloads\Full Stack Dev\BackendCoder\BackEndCoder\entrega-21\node_modules\mongoose\lib\schematype.js:1613:15)
      at SchemaType.castForQueryWrapper (C:\Users\Pancho\Downloads\Full Stack Dev\BackendCoder\BackEndCoder\entrega-21\node_modules\mongoose\lib\schematype.js:1590:20)
      at cast (C:\Users\Pancho\Downloads\Full Stack Dev\BackendCoder\BackEndCoder\entrega-21\node_modules\mongoose\lib\cast.js:344:32)
      at Query.cast (C:\Users\Pancho\Downloads\Full Stack Dev\BackendCoder\BackEndCoder\entrega-21\node_modules\mongoose\lib\query.js:5137:12)
      at Query._castConditions (C:\Users\Pancho\Downloads\Full Stack Dev\BackendCoder\BackEndCoder\entrega-21\node_modules\mongoose\lib\query.js:2168:10)
      at model.Query.<anonymous> (C:\Users\Pancho\Downloads\Full Stack Dev\BackendCoder\BackEndCoder\entrega-21\node_modules\mongoose\lib\query.js:2462:8)
      at model.Query._wrappedThunk [as _findOne] (C:\Users\Pancho\Downloads\Full Stack Dev\BackendCoder\BackEndCoder\entrega-21\node_modules\mongoose\lib\helpers\query\wrapThunk.js:27:8)
      at C:\Users\Pancho\Downloads\Full Stack Dev\BackendCoder\BackEndCoder\entrega-21\node_modules\kareem\index.js:367:25
      at process.processTicksAndRejections (node:internal/process/task_queues:77:11),
  valueType: 'string'
}
[2023-01-29T23:34:20.296] [ERROR] default - CastError: Cast to ObjectId failed for value "1" (type string) at path "_id" for model "productos"
    at model.Query.exec (C:\Users\Pancho\Downloads\Full Stack Dev\BackendCoder\BackEndCoder\entrega-21\node_modules\mongoose\lib\query.js:4715:21)
    at Query.then (C:\Users\Pancho\Downloads\Full Stack Dev\BackendCoder\BackEndCoder\entrega-21\node_modules\mongoose\lib\query.js:4814:15) {
  messageFormat: undefined,
  stringValue: '"1"',
  kind: 'ObjectId',
  value: '1',
  path: '_id',
  reason: BSONTypeError: Argument passed in must be a string of 12 bytes or a string of 24 hex characters or an integer
      at new BSONTypeError (C:\Users\Pancho\Downloads\Full Stack Dev\BackendCoder\BackEndCoder\entrega-21\node_modules\bson\lib\error.js:41:28)
      at new ObjectId (C:\Users\Pancho\Downloads\Full Stack Dev\BackendCoder\BackEndCoder\entrega-21\node_modules\bson\lib\objectid.js:67:23)
      at castObjectId (C:\Users\Pancho\Downloads\Full Stack Dev\BackendCoder\BackEndCoder\entrega-21\node_modules\mongoose\lib\cast\objectid.js:24:12)
      at ObjectId.cast (C:\Users\Pancho\Downloads\Full Stack Dev\BackendCoder\BackEndCoder\entrega-21\node_modules\mongoose\lib\schema\objectid.js:247:12)
      at SchemaType.applySetters (C:\Users\Pancho\Downloads\Full Stack Dev\BackendCoder\BackEndCoder\entrega-21\node_modules\mongoose\lib\schematype.js:1189:12)
      at SchemaType._castForQuery (C:\Users\Pancho\Downloads\Full Stack Dev\BackendCoder\BackEndCoder\entrega-21\node_modules\mongoose\lib\schematype.js:1623:15)
      at SchemaType.castForQuery (C:\Users\Pancho\Downloads\Full Stack Dev\BackendCoder\BackEndCoder\entrega-21\node_modules\mongoose\lib\schematype.js:1613:15)
      at SchemaType.castForQueryWrapper (C:\Users\Pancho\Downloads\Full Stack Dev\BackendCoder\BackEndCoder\entrega-21\node_modules\mongoose\lib\schematype.js:1590:20)
      at cast (C:\Users\Pancho\Downloads\Full Stack Dev\BackendCoder\BackEndCoder\entrega-21\node_modules\mongoose\lib\cast.js:344:32)
      at Query.cast (C:\Users\Pancho\Downloads\Full Stack Dev\BackendCoder\BackEndCoder\entrega-21\node_modules\mongoose\lib\query.js:5137:12)
      at Query._castConditions (C:\Users\Pancho\Downloads\Full Stack Dev\BackendCoder\BackEndCoder\entrega-21\node_modules\mongoose\lib\query.js:2168:10)
      at model.Query.<anonymous> (C:\Users\Pancho\Downloads\Full Stack Dev\BackendCoder\BackEndCoder\entrega-21\node_modules\mongoose\lib\query.js:2462:8)
      at model.Query._wrappedThunk [as _findOne] (C:\Users\Pancho\Downloads\Full Stack Dev\BackendCoder\BackEndCoder\entrega-21\node_modules\mongoose\lib\helpers\query\wrapThunk.js:27:8)
      at C:\Users\Pancho\Downloads\Full Stack Dev\BackendCoder\BackEndCoder\entrega-21\node_modules\kareem\index.js:367:25
      at process.processTicksAndRejections (node:internal/process/task_queues:77:11),
  valueType: 'string'
}
